CRITICAL - 2023-01-24 21:26:22 --> Undefined variable $url
in APPPATH\Controllers\RestClient.php on line 17.
 1 APPPATH\Controllers\RestClient.php(17): CodeIgniter\Debug\Exceptions->errorHandler(2, 'Undefined variable $url', 'APPPATH\\Controllers\\RestClient.php', 17)
 2 SYSTEMPATH\CodeIgniter.php(927): App\Controllers\RestClient->index()
 3 SYSTEMPATH\CodeIgniter.php(482): CodeIgniter\CodeIgniter->runController(Object(App\Controllers\RestClient))
 4 SYSTEMPATH\CodeIgniter.php(351): CodeIgniter\CodeIgniter->handleRequest(null, Object(Config\Cache), false)
 5 FCPATH\index.php(67): CodeIgniter\CodeIgniter->run()
CRITICAL - 2023-01-24 21:35:23 --> syntax error, unexpected token "echo"
in APPPATH\Controllers\RestClient.php on line 39.
 1 SYSTEMPATH\Autoloader\Autoloader.php(259): CodeIgniter\Autoloader\Autoloader->includeFile('APPPATH\\Controllers\\RestClient.php')
 2 SYSTEMPATH\Autoloader\Autoloader.php(237): CodeIgniter\Autoloader\Autoloader->loadInNamespace('App\\Controllers\\RestClient')
 3 [internal function]: CodeIgniter\Autoloader\Autoloader->loadClass('App\\Controllers\\RestClient')
 4 SYSTEMPATH\CodeIgniter.php(877): class_exists('\\App\\Controllers\\RestClient', true)
 5 SYSTEMPATH\CodeIgniter.php(469): CodeIgniter\CodeIgniter->startController()
 6 SYSTEMPATH\CodeIgniter.php(351): CodeIgniter\CodeIgniter->handleRequest(null, Object(Config\Cache), false)
 7 FCPATH\index.php(67): CodeIgniter\CodeIgniter->run()
CRITICAL - 2023-01-24 22:20:43 --> Trying to access array offset on value of type int
in APPPATH\Controllers\RestClient.php on line 49.
 1 APPPATH\Controllers\RestClient.php(49): CodeIgniter\Debug\Exceptions->errorHandler(2, 'Trying to access array offset on value of type int', 'APPPATH\\Controllers\\RestClient.php', 49)
 2 SYSTEMPATH\CodeIgniter.php(927): App\Controllers\RestClient->index()
 3 SYSTEMPATH\CodeIgniter.php(482): CodeIgniter\CodeIgniter->runController(Object(App\Controllers\RestClient))
 4 SYSTEMPATH\CodeIgniter.php(351): CodeIgniter\CodeIgniter->handleRequest(null, Object(Config\Cache), false)
 5 FCPATH\index.php(67): CodeIgniter\CodeIgniter->run()
CRITICAL - 2023-01-24 23:28:26 --> Cannot access offset of type string on string
in APPPATH\Controllers\RestClient.php on line 47.
 1 SYSTEMPATH\CodeIgniter.php(927): App\Controllers\RestClient->index()
 2 SYSTEMPATH\CodeIgniter.php(482): CodeIgniter\CodeIgniter->runController(Object(App\Controllers\RestClient))
 3 SYSTEMPATH\CodeIgniter.php(351): CodeIgniter\CodeIgniter->handleRequest(null, Object(Config\Cache), false)
 4 FCPATH\index.php(67): CodeIgniter\CodeIgniter->run()
CRITICAL - 2023-01-24 23:28:30 --> Cannot access offset of type string on string
in APPPATH\Controllers\RestClient.php on line 47.
 1 SYSTEMPATH\CodeIgniter.php(927): App\Controllers\RestClient->index()
 2 SYSTEMPATH\CodeIgniter.php(482): CodeIgniter\CodeIgniter->runController(Object(App\Controllers\RestClient))
 3 SYSTEMPATH\CodeIgniter.php(351): CodeIgniter\CodeIgniter->handleRequest(null, Object(Config\Cache), false)
 4 FCPATH\index.php(67): CodeIgniter\CodeIgniter->run()
CRITICAL - 2023-01-24 23:29:24 --> Cannot access offset of type string on string
in APPPATH\Controllers\RestClient.php on line 47.
 1 SYSTEMPATH\CodeIgniter.php(927): App\Controllers\RestClient->index()
 2 SYSTEMPATH\CodeIgniter.php(482): CodeIgniter\CodeIgniter->runController(Object(App\Controllers\RestClient))
 3 SYSTEMPATH\CodeIgniter.php(351): CodeIgniter\CodeIgniter->handleRequest(null, Object(Config\Cache), false)
 4 FCPATH\index.php(67): CodeIgniter\CodeIgniter->run()
CRITICAL - 2023-01-24 23:29:26 --> Cannot access offset of type string on string
in APPPATH\Controllers\RestClient.php on line 47.
 1 SYSTEMPATH\CodeIgniter.php(927): App\Controllers\RestClient->index()
 2 SYSTEMPATH\CodeIgniter.php(482): CodeIgniter\CodeIgniter->runController(Object(App\Controllers\RestClient))
 3 SYSTEMPATH\CodeIgniter.php(351): CodeIgniter\CodeIgniter->handleRequest(null, Object(Config\Cache), false)
 4 FCPATH\index.php(67): CodeIgniter\CodeIgniter->run()
CRITICAL - 2023-01-24 23:29:40 --> foreach() argument must be of type array|object, null given
in APPPATH\Controllers\RestClient.php on line 46.
 1 APPPATH\Controllers\RestClient.php(46): CodeIgniter\Debug\Exceptions->errorHandler(2, 'foreach() argument must be of type array|object, null given', 'APPPATH\\Controllers\\RestClient.php', 46)
 2 SYSTEMPATH\CodeIgniter.php(927): App\Controllers\RestClient->index()
 3 SYSTEMPATH\CodeIgniter.php(482): CodeIgniter\CodeIgniter->runController(Object(App\Controllers\RestClient))
 4 SYSTEMPATH\CodeIgniter.php(351): CodeIgniter\CodeIgniter->handleRequest(null, Object(Config\Cache), false)
 5 FCPATH\index.php(67): CodeIgniter\CodeIgniter->run()
CRITICAL - 2023-01-24 23:31:24 --> Array to string conversion
in APPPATH\Controllers\RestClient.php on line 46.
 1 APPPATH\Controllers\RestClient.php(46): CodeIgniter\Debug\Exceptions->errorHandler(2, 'Array to string conversion', 'APPPATH\\Controllers\\RestClient.php', 46)
 2 SYSTEMPATH\CodeIgniter.php(927): App\Controllers\RestClient->index()
 3 SYSTEMPATH\CodeIgniter.php(482): CodeIgniter\CodeIgniter->runController(Object(App\Controllers\RestClient))
 4 SYSTEMPATH\CodeIgniter.php(351): CodeIgniter\CodeIgniter->handleRequest(null, Object(Config\Cache), false)
 5 FCPATH\index.php(67): CodeIgniter\CodeIgniter->run()
CRITICAL - 2023-01-24 23:46:28 --> Undefined variable $form_params
in APPPATH\Helpers\restclient_helper.php on line 26.
 1 APPPATH\Helpers\restclient_helper.php(26): CodeIgniter\Debug\Exceptions->errorHandler(2, 'Undefined variable $form_params', 'APPPATH\\Helpers\\restclient_helper.php', 26)
 2 APPPATH\Controllers\RestClient.php(43): akses_restapi('GET', 'http://localhost/TA-CYBER/Server/public/movies', [])
 3 SYSTEMPATH\CodeIgniter.php(927): App\Controllers\RestClient->index()
 4 SYSTEMPATH\CodeIgniter.php(482): CodeIgniter\CodeIgniter->runController(Object(App\Controllers\RestClient))
 5 SYSTEMPATH\CodeIgniter.php(351): CodeIgniter\CodeIgniter->handleRequest(null, Object(Config\Cache), false)
 6 FCPATH\index.php(67): CodeIgniter\CodeIgniter->run()
