CRITICAL - 2022-12-14 01:47:36 --> Class "App\Model\ModelMovie" not found
in APPPATH\Controllers\Movies.php on line 14.
 1 SYSTEMPATH\CodeIgniter.php(927): App\Controllers\Movies->index()
 2 SYSTEMPATH\CodeIgniter.php(482): CodeIgniter\CodeIgniter->runController(Object(App\Controllers\Movies))
 3 SYSTEMPATH\CodeIgniter.php(351): CodeIgniter\CodeIgniter->handleRequest(null, Object(Config\Cache), false)
 4 FCPATH\index.php(67): CodeIgniter\CodeIgniter->run()
 5 SYSTEMPATH\Commands\Server\rewrite.php(46): require_once('FCPATH\\index.php')
ERROR - 2022-12-14 01:51:11 --> Error connecting to the database: mysqli_sql_exception: Unknown database 'db_cyber_moovie' in C:\xampp\htdocs\Server\movie-cyber\vendor\codeigniter4\framework\system\Database\MySQLi\Connection.php:171
Stack trace:
#0 C:\xampp\htdocs\Server\movie-cyber\vendor\codeigniter4\framework\system\Database\MySQLi\Connection.php(171): mysqli->real_connect('localhost', 'root', '', 'db_cyber_moovie', 3306, '', 0)
#1 C:\xampp\htdocs\Server\movie-cyber\vendor\codeigniter4\framework\system\Database\BaseConnection.php(382): CodeIgniter\Database\MySQLi\Connection->connect(false)
#2 C:\xampp\htdocs\Server\movie-cyber\vendor\codeigniter4\framework\system\Database\BaseConnection.php(561): CodeIgniter\Database\BaseConnection->initialize()
#3 C:\xampp\htdocs\Server\movie-cyber\vendor\codeigniter4\framework\system\Database\BaseBuilder.php(1585): CodeIgniter\Database\BaseConnection->query('SELECT *\nFROM `...', Array, false)
#4 C:\xampp\htdocs\Server\movie-cyber\vendor\codeigniter4\framework\system\Model.php(223): CodeIgniter\Database\BaseBuilder->get()
#5 C:\xampp\htdocs\Server\movie-cyber\vendor\codeigniter4\framework\system\BaseModel.php(585): CodeIgniter\Model->doFindAll(0, 0)
#6 C:\xampp\htdocs\Server\movie-cyber\app\Controllers\Movies.php(15): CodeIgniter\BaseModel->findAll()
#7 C:\xampp\htdocs\Server\movie-cyber\vendor\codeigniter4\framework\system\CodeIgniter.php(927): App\Controllers\Movies->index()
#8 C:\xampp\htdocs\Server\movie-cyber\vendor\codeigniter4\framework\system\CodeIgniter.php(482): CodeIgniter\CodeIgniter->runController(Object(App\Controllers\Movies))
#9 C:\xampp\htdocs\Server\movie-cyber\vendor\codeigniter4\framework\system\CodeIgniter.php(351): CodeIgniter\CodeIgniter->handleRequest(NULL, Object(Config\Cache), false)
#10 C:\xampp\htdocs\Server\movie-cyber\public\index.php(67): CodeIgniter\CodeIgniter->run()
#11 C:\xampp\htdocs\Server\movie-cyber\vendor\codeigniter4\framework\system\Commands\Server\rewrite.php(46): require_once('C:\\xampp\\htdocs...')
#12 {main}

Next CodeIgniter\Database\Exceptions\DatabaseException: Unknown database 'db_cyber_moovie' in C:\xampp\htdocs\Server\movie-cyber\vendor\codeigniter4\framework\system\Database\MySQLi\Connection.php:215
Stack trace:
#0 C:\xampp\htdocs\Server\movie-cyber\vendor\codeigniter4\framework\system\Database\BaseConnection.php(382): CodeIgniter\Database\MySQLi\Connection->connect(false)
#1 C:\xampp\htdocs\Server\movie-cyber\vendor\codeigniter4\framework\system\Database\BaseConnection.php(561): CodeIgniter\Database\BaseConnection->initialize()
#2 C:\xampp\htdocs\Server\movie-cyber\vendor\codeigniter4\framework\system\Database\BaseBuilder.php(1585): CodeIgniter\Database\BaseConnection->query('SELECT *\nFROM `...', Array, false)
#3 C:\xampp\htdocs\Server\movie-cyber\vendor\codeigniter4\framework\system\Model.php(223): CodeIgniter\Database\BaseBuilder->get()
#4 C:\xampp\htdocs\Server\movie-cyber\vendor\codeigniter4\framework\system\BaseModel.php(585): CodeIgniter\Model->doFindAll(0, 0)
#5 C:\xampp\htdocs\Server\movie-cyber\app\Controllers\Movies.php(15): CodeIgniter\BaseModel->findAll()
#6 C:\xampp\htdocs\Server\movie-cyber\vendor\codeigniter4\framework\system\CodeIgniter.php(927): App\Controllers\Movies->index()
#7 C:\xampp\htdocs\Server\movie-cyber\vendor\codeigniter4\framework\system\CodeIgniter.php(482): CodeIgniter\CodeIgniter->runController(Object(App\Controllers\Movies))
#8 C:\xampp\htdocs\Server\movie-cyber\vendor\codeigniter4\framework\system\CodeIgniter.php(351): CodeIgniter\CodeIgniter->handleRequest(NULL, Object(Config\Cache), false)
#9 C:\xampp\htdocs\Server\movie-cyber\public\index.php(67): CodeIgniter\CodeIgniter->run()
#10 C:\xampp\htdocs\Server\movie-cyber\vendor\codeigniter4\framework\system\Commands\Server\rewrite.php(46): require_once('C:\\xampp\\htdocs...')
#11 {main}
CRITICAL - 2022-12-14 01:51:11 --> Unable to connect to the database.
Main connection [MySQLi]: Unknown database 'db_cyber_moovie'
in SYSTEMPATH\Database\BaseConnection.php on line 418.
 1 SYSTEMPATH\Database\BaseConnection.php(561): CodeIgniter\Database\BaseConnection->initialize()
 2 SYSTEMPATH\Database\BaseBuilder.php(1585): CodeIgniter\Database\BaseConnection->query('SELECT *
FROM `tbl_movie`', [], false)
 3 SYSTEMPATH\Model.php(223): CodeIgniter\Database\BaseBuilder->get()
 4 SYSTEMPATH\BaseModel.php(585): CodeIgniter\Model->doFindAll(0, 0)
 5 APPPATH\Controllers\Movies.php(15): CodeIgniter\BaseModel->findAll()
 6 SYSTEMPATH\CodeIgniter.php(927): App\Controllers\Movies->index()
 7 SYSTEMPATH\CodeIgniter.php(482): CodeIgniter\CodeIgniter->runController(Object(App\Controllers\Movies))
 8 SYSTEMPATH\CodeIgniter.php(351): CodeIgniter\CodeIgniter->handleRequest(null, Object(Config\Cache), false)
 9 FCPATH\index.php(67): CodeIgniter\CodeIgniter->run()
10 SYSTEMPATH\Commands\Server\rewrite.php(46): require_once('FCPATH\\index.php')
CRITICAL - 2022-12-14 02:25:17 --> There is no data to insert.
in SYSTEMPATH\BaseModel.php on line 1598.
 1 SYSTEMPATH\BaseModel.php(1598): CodeIgniter\Database\Exceptions\DataException::forEmptyDataset('insert')
 2 SYSTEMPATH\BaseModel.php(709): CodeIgniter\BaseModel->transformDataToArray(null, 'insert')
 3 SYSTEMPATH\Model.php(667): CodeIgniter\BaseModel->insert(null, true)
 4 APPPATH\Controllers\Movies.php(44): CodeIgniter\Model->insert(null)
 5 SYSTEMPATH\CodeIgniter.php(927): App\Controllers\Movies->create()
 6 SYSTEMPATH\CodeIgniter.php(482): CodeIgniter\CodeIgniter->runController(Object(App\Controllers\Movies))
 7 SYSTEMPATH\CodeIgniter.php(351): CodeIgniter\CodeIgniter->handleRequest(null, Object(Config\Cache), false)
 8 FCPATH\index.php(67): CodeIgniter\CodeIgniter->run()
 9 SYSTEMPATH\Commands\Server\rewrite.php(46): require_once('FCPATH\\index.php')
CRITICAL - 2022-12-14 02:26:02 --> There is no data to insert.
in SYSTEMPATH\BaseModel.php on line 1598.
 1 SYSTEMPATH\BaseModel.php(1598): CodeIgniter\Database\Exceptions\DataException::forEmptyDataset('insert')
 2 SYSTEMPATH\BaseModel.php(709): CodeIgniter\BaseModel->transformDataToArray(null, 'insert')
 3 SYSTEMPATH\Model.php(667): CodeIgniter\BaseModel->insert(null, true)
 4 APPPATH\Controllers\Movies.php(44): CodeIgniter\Model->insert(null)
 5 SYSTEMPATH\CodeIgniter.php(927): App\Controllers\Movies->create()
 6 SYSTEMPATH\CodeIgniter.php(482): CodeIgniter\CodeIgniter->runController(Object(App\Controllers\Movies))
 7 SYSTEMPATH\CodeIgniter.php(351): CodeIgniter\CodeIgniter->handleRequest(null, Object(Config\Cache), false)
 8 FCPATH\index.php(67): CodeIgniter\CodeIgniter->run()
 9 SYSTEMPATH\Commands\Server\rewrite.php(46): require_once('FCPATH\\index.php')
CRITICAL - 2022-12-14 02:29:08 --> There is no data to insert.
in SYSTEMPATH\BaseModel.php on line 1598.
 1 SYSTEMPATH\BaseModel.php(1598): CodeIgniter\Database\Exceptions\DataException::forEmptyDataset('insert')
 2 SYSTEMPATH\BaseModel.php(709): CodeIgniter\BaseModel->transformDataToArray(null, 'insert')
 3 SYSTEMPATH\Model.php(667): CodeIgniter\BaseModel->insert(null, true)
 4 APPPATH\Controllers\Movies.php(44): CodeIgniter\Model->insert(null)
 5 SYSTEMPATH\CodeIgniter.php(927): App\Controllers\Movies->create()
 6 SYSTEMPATH\CodeIgniter.php(482): CodeIgniter\CodeIgniter->runController(Object(App\Controllers\Movies))
 7 SYSTEMPATH\CodeIgniter.php(351): CodeIgniter\CodeIgniter->handleRequest(null, Object(Config\Cache), false)
 8 FCPATH\index.php(67): CodeIgniter\CodeIgniter->run()
 9 SYSTEMPATH\Commands\Server\rewrite.php(46): require_once('FCPATH\\index.php')
CRITICAL - 2022-12-14 02:30:06 --> There is no data to insert.
in SYSTEMPATH\BaseModel.php on line 1598.
 1 SYSTEMPATH\BaseModel.php(1598): CodeIgniter\Database\Exceptions\DataException::forEmptyDataset('insert')
 2 SYSTEMPATH\BaseModel.php(709): CodeIgniter\BaseModel->transformDataToArray(null, 'insert')
 3 SYSTEMPATH\Model.php(667): CodeIgniter\BaseModel->insert(null, true)
 4 APPPATH\Controllers\Movies.php(44): CodeIgniter\Model->insert(null)
 5 SYSTEMPATH\CodeIgniter.php(927): App\Controllers\Movies->create()
 6 SYSTEMPATH\CodeIgniter.php(482): CodeIgniter\CodeIgniter->runController(Object(App\Controllers\Movies))
 7 SYSTEMPATH\CodeIgniter.php(351): CodeIgniter\CodeIgniter->handleRequest(null, Object(Config\Cache), false)
 8 FCPATH\index.php(67): CodeIgniter\CodeIgniter->run()
 9 SYSTEMPATH\Commands\Server\rewrite.php(46): require_once('FCPATH\\index.php')
CRITICAL - 2022-12-14 02:30:46 --> There is no data to insert.
in SYSTEMPATH\BaseModel.php on line 1598.
 1 SYSTEMPATH\BaseModel.php(1598): CodeIgniter\Database\Exceptions\DataException::forEmptyDataset('insert')
 2 SYSTEMPATH\BaseModel.php(709): CodeIgniter\BaseModel->transformDataToArray(null, 'insert')
 3 SYSTEMPATH\Model.php(667): CodeIgniter\BaseModel->insert(null, true)
 4 APPPATH\Controllers\Movies.php(44): CodeIgniter\Model->insert(null)
 5 SYSTEMPATH\CodeIgniter.php(927): App\Controllers\Movies->create()
 6 SYSTEMPATH\CodeIgniter.php(482): CodeIgniter\CodeIgniter->runController(Object(App\Controllers\Movies))
 7 SYSTEMPATH\CodeIgniter.php(351): CodeIgniter\CodeIgniter->handleRequest(null, Object(Config\Cache), false)
 8 FCPATH\index.php(67): CodeIgniter\CodeIgniter->run()
 9 SYSTEMPATH\Commands\Server\rewrite.php(46): require_once('FCPATH\\index.php')
CRITICAL - 2022-12-14 02:31:01 --> There is no data to insert.
in SYSTEMPATH\BaseModel.php on line 1598.
 1 SYSTEMPATH\BaseModel.php(1598): CodeIgniter\Database\Exceptions\DataException::forEmptyDataset('insert')
 2 SYSTEMPATH\BaseModel.php(709): CodeIgniter\BaseModel->transformDataToArray(null, 'insert')
 3 SYSTEMPATH\Model.php(667): CodeIgniter\BaseModel->insert(null, true)
 4 APPPATH\Controllers\Movies.php(44): CodeIgniter\Model->insert(null)
 5 SYSTEMPATH\CodeIgniter.php(927): App\Controllers\Movies->create()
 6 SYSTEMPATH\CodeIgniter.php(482): CodeIgniter\CodeIgniter->runController(Object(App\Controllers\Movies))
 7 SYSTEMPATH\CodeIgniter.php(351): CodeIgniter\CodeIgniter->handleRequest(null, Object(Config\Cache), false)
 8 FCPATH\index.php(67): CodeIgniter\CodeIgniter->run()
 9 SYSTEMPATH\Commands\Server\rewrite.php(46): require_once('FCPATH\\index.php')
CRITICAL - 2022-12-14 02:31:25 --> There is no data to insert.
in SYSTEMPATH\BaseModel.php on line 1598.
 1 SYSTEMPATH\BaseModel.php(1598): CodeIgniter\Database\Exceptions\DataException::forEmptyDataset('insert')
 2 SYSTEMPATH\BaseModel.php(709): CodeIgniter\BaseModel->transformDataToArray(null, 'insert')
 3 SYSTEMPATH\Model.php(667): CodeIgniter\BaseModel->insert(null, true)
 4 APPPATH\Controllers\Movies.php(44): CodeIgniter\Model->insert(null)
 5 SYSTEMPATH\CodeIgniter.php(927): App\Controllers\Movies->create()
 6 SYSTEMPATH\CodeIgniter.php(482): CodeIgniter\CodeIgniter->runController(Object(App\Controllers\Movies))
 7 SYSTEMPATH\CodeIgniter.php(351): CodeIgniter\CodeIgniter->handleRequest(null, Object(Config\Cache), false)
 8 FCPATH\index.php(67): CodeIgniter\CodeIgniter->run()
 9 SYSTEMPATH\Commands\Server\rewrite.php(46): require_once('FCPATH\\index.php')
CRITICAL - 2022-12-14 02:34:00 --> There is no data to insert.
in SYSTEMPATH\BaseModel.php on line 1598.
 1 SYSTEMPATH\BaseModel.php(1598): CodeIgniter\Database\Exceptions\DataException::forEmptyDataset('insert')
 2 SYSTEMPATH\BaseModel.php(709): CodeIgniter\BaseModel->transformDataToArray(null, 'insert')
 3 SYSTEMPATH\Model.php(667): CodeIgniter\BaseModel->insert(null, true)
 4 APPPATH\Controllers\Movies.php(44): CodeIgniter\Model->insert(null)
 5 SYSTEMPATH\CodeIgniter.php(927): App\Controllers\Movies->create()
 6 SYSTEMPATH\CodeIgniter.php(482): CodeIgniter\CodeIgniter->runController(Object(App\Controllers\Movies))
 7 SYSTEMPATH\CodeIgniter.php(351): CodeIgniter\CodeIgniter->handleRequest(null, Object(Config\Cache), false)
 8 FCPATH\index.php(67): CodeIgniter\CodeIgniter->run()
 9 SYSTEMPATH\Commands\Server\rewrite.php(46): require_once('FCPATH\\index.php')
CRITICAL - 2022-12-14 02:55:40 --> There is no data to update.
in SYSTEMPATH\BaseModel.php on line 1598.
 1 SYSTEMPATH\BaseModel.php(1598): CodeIgniter\Database\Exceptions\DataException::forEmptyDataset('update')
 2 SYSTEMPATH\BaseModel.php(853): CodeIgniter\BaseModel->transformDataToArray(null, 'update')
 3 SYSTEMPATH\Model.php(693): CodeIgniter\BaseModel->update([...], null)
 4 APPPATH\Controllers\Movies.php(78): CodeIgniter\Model->update('2', null)
 5 SYSTEMPATH\CodeIgniter.php(927): App\Controllers\Movies->update('2')
 6 SYSTEMPATH\CodeIgniter.php(482): CodeIgniter\CodeIgniter->runController(Object(App\Controllers\Movies))
 7 SYSTEMPATH\CodeIgniter.php(351): CodeIgniter\CodeIgniter->handleRequest(null, Object(Config\Cache), false)
 8 FCPATH\index.php(67): CodeIgniter\CodeIgniter->run()
 9 SYSTEMPATH\Commands\Server\rewrite.php(46): require_once('FCPATH\\index.php')
CRITICAL - 2022-12-14 02:56:04 --> There is no data to update.
in SYSTEMPATH\BaseModel.php on line 1598.
 1 SYSTEMPATH\BaseModel.php(1598): CodeIgniter\Database\Exceptions\DataException::forEmptyDataset('update')
 2 SYSTEMPATH\BaseModel.php(853): CodeIgniter\BaseModel->transformDataToArray([], 'update')
 3 SYSTEMPATH\Model.php(693): CodeIgniter\BaseModel->update([...], [])
 4 APPPATH\Controllers\Movies.php(79): CodeIgniter\Model->update('2', [])
 5 SYSTEMPATH\CodeIgniter.php(927): App\Controllers\Movies->update('2')
 6 SYSTEMPATH\CodeIgniter.php(482): CodeIgniter\CodeIgniter->runController(Object(App\Controllers\Movies))
 7 SYSTEMPATH\CodeIgniter.php(351): CodeIgniter\CodeIgniter->handleRequest(null, Object(Config\Cache), false)
 8 FCPATH\index.php(67): CodeIgniter\CodeIgniter->run()
 9 SYSTEMPATH\Commands\Server\rewrite.php(46): require_once('FCPATH\\index.php')
CRITICAL - 2022-12-14 03:00:32 --> There is no data to update.
in SYSTEMPATH\BaseModel.php on line 867.
 1 SYSTEMPATH\BaseModel.php(867): CodeIgniter\Database\Exceptions\DataException::forEmptyDataset('update')
 2 SYSTEMPATH\Model.php(693): CodeIgniter\BaseModel->update(null, [])
 3 APPPATH\Controllers\Movies.php(64): CodeIgniter\Model->update(null, [...])
 4 SYSTEMPATH\CodeIgniter.php(927): App\Controllers\Movies->update(null)
 5 SYSTEMPATH\CodeIgniter.php(482): CodeIgniter\CodeIgniter->runController(Object(App\Controllers\Movies))
 6 SYSTEMPATH\CodeIgniter.php(351): CodeIgniter\CodeIgniter->handleRequest(null, Object(Config\Cache), false)
 7 FCPATH\index.php(67): CodeIgniter\CodeIgniter->run()
 8 SYSTEMPATH\Commands\Server\rewrite.php(46): require_once('FCPATH\\index.php')
CRITICAL - 2022-12-14 03:00:38 --> There is no data to update.
in SYSTEMPATH\BaseModel.php on line 867.
 1 SYSTEMPATH\BaseModel.php(867): CodeIgniter\Database\Exceptions\DataException::forEmptyDataset('update')
 2 SYSTEMPATH\Model.php(693): CodeIgniter\BaseModel->update(null, [])
 3 APPPATH\Controllers\Movies.php(64): CodeIgniter\Model->update(null, [...])
 4 SYSTEMPATH\CodeIgniter.php(927): App\Controllers\Movies->update(null)
 5 SYSTEMPATH\CodeIgniter.php(482): CodeIgniter\CodeIgniter->runController(Object(App\Controllers\Movies))
 6 SYSTEMPATH\CodeIgniter.php(351): CodeIgniter\CodeIgniter->handleRequest(null, Object(Config\Cache), false)
 7 FCPATH\index.php(67): CodeIgniter\CodeIgniter->run()
 8 SYSTEMPATH\Commands\Server\rewrite.php(46): require_once('FCPATH\\index.php')
CRITICAL - 2022-12-14 03:01:14 --> There is no data to update.
in SYSTEMPATH\BaseModel.php on line 867.
 1 SYSTEMPATH\BaseModel.php(867): CodeIgniter\Database\Exceptions\DataException::forEmptyDataset('update')
 2 SYSTEMPATH\Model.php(693): CodeIgniter\BaseModel->update(null, [])
 3 APPPATH\Controllers\Movies.php(64): CodeIgniter\Model->update(null, [...])
 4 SYSTEMPATH\CodeIgniter.php(927): App\Controllers\Movies->update(null)
 5 SYSTEMPATH\CodeIgniter.php(482): CodeIgniter\CodeIgniter->runController(Object(App\Controllers\Movies))
 6 SYSTEMPATH\CodeIgniter.php(351): CodeIgniter\CodeIgniter->handleRequest(null, Object(Config\Cache), false)
 7 FCPATH\index.php(67): CodeIgniter\CodeIgniter->run()
 8 SYSTEMPATH\Commands\Server\rewrite.php(46): require_once('FCPATH\\index.php')
CRITICAL - 2022-12-14 03:01:16 --> There is no data to update.
in SYSTEMPATH\BaseModel.php on line 867.
 1 SYSTEMPATH\BaseModel.php(867): CodeIgniter\Database\Exceptions\DataException::forEmptyDataset('update')
 2 SYSTEMPATH\Model.php(693): CodeIgniter\BaseModel->update(null, [])
 3 APPPATH\Controllers\Movies.php(64): CodeIgniter\Model->update(null, [...])
 4 SYSTEMPATH\CodeIgniter.php(927): App\Controllers\Movies->update(null)
 5 SYSTEMPATH\CodeIgniter.php(482): CodeIgniter\CodeIgniter->runController(Object(App\Controllers\Movies))
 6 SYSTEMPATH\CodeIgniter.php(351): CodeIgniter\CodeIgniter->handleRequest(null, Object(Config\Cache), false)
 7 FCPATH\index.php(67): CodeIgniter\CodeIgniter->run()
 8 SYSTEMPATH\Commands\Server\rewrite.php(46): require_once('FCPATH\\index.php')
CRITICAL - 2022-12-14 03:16:39 --> Array callback must have exactly two elements
in APPPATH\Controllers\Movies.php on line 63.
 1 SYSTEMPATH\CodeIgniter.php(927): App\Controllers\Movies->update(null)
 2 SYSTEMPATH\CodeIgniter.php(482): CodeIgniter\CodeIgniter->runController(Object(App\Controllers\Movies))
 3 SYSTEMPATH\CodeIgniter.php(351): CodeIgniter\CodeIgniter->handleRequest(null, Object(Config\Cache), false)
 4 FCPATH\index.php(67): CodeIgniter\CodeIgniter->run()
 5 SYSTEMPATH\Commands\Server\rewrite.php(46): require_once('FCPATH\\index.php')
CRITICAL - 2022-12-14 03:19:25 --> Array callback must have exactly two elements
in APPPATH\Controllers\Movies.php on line 63.
 1 SYSTEMPATH\CodeIgniter.php(927): App\Controllers\Movies->update(null)
 2 SYSTEMPATH\CodeIgniter.php(482): CodeIgniter\CodeIgniter->runController(Object(App\Controllers\Movies))
 3 SYSTEMPATH\CodeIgniter.php(351): CodeIgniter\CodeIgniter->handleRequest(null, Object(Config\Cache), false)
 4 FCPATH\index.php(67): CodeIgniter\CodeIgniter->run()
 5 SYSTEMPATH\Commands\Server\rewrite.php(46): require_once('FCPATH\\index.php')
CRITICAL - 2022-12-14 03:21:39 --> Array callback must have exactly two elements
in APPPATH\Controllers\Movies.php on line 63.
 1 SYSTEMPATH\CodeIgniter.php(927): App\Controllers\Movies->update(null)
 2 SYSTEMPATH\CodeIgniter.php(482): CodeIgniter\CodeIgniter->runController(Object(App\Controllers\Movies))
 3 SYSTEMPATH\CodeIgniter.php(351): CodeIgniter\CodeIgniter->handleRequest(null, Object(Config\Cache), false)
 4 FCPATH\index.php(67): CodeIgniter\CodeIgniter->run()
 5 SYSTEMPATH\Commands\Server\rewrite.php(46): require_once('FCPATH\\index.php')
CRITICAL - 2022-12-14 03:23:25 --> Undefined array key "judul_movie"
in APPPATH\Controllers\Movies.php on line 62.
 1 APPPATH\Controllers\Movies.php(62): CodeIgniter\Debug\Exceptions->errorHandler(2, 'Undefined array key "judul_movie"', 'APPPATH\\Controllers\\Movies.php', 62)
 2 SYSTEMPATH\CodeIgniter.php(927): App\Controllers\Movies->update(null)
 3 SYSTEMPATH\CodeIgniter.php(482): CodeIgniter\CodeIgniter->runController(Object(App\Controllers\Movies))
 4 SYSTEMPATH\CodeIgniter.php(351): CodeIgniter\CodeIgniter->handleRequest(null, Object(Config\Cache), false)
 5 FCPATH\index.php(67): CodeIgniter\CodeIgniter->run()
 6 SYSTEMPATH\Commands\Server\rewrite.php(46): require_once('FCPATH\\index.php')
CRITICAL - 2022-12-14 03:24:22 --> Array callback must have exactly two elements
in APPPATH\Controllers\Movies.php on line 62.
 1 SYSTEMPATH\CodeIgniter.php(927): App\Controllers\Movies->update('2')
 2 SYSTEMPATH\CodeIgniter.php(482): CodeIgniter\CodeIgniter->runController(Object(App\Controllers\Movies))
 3 SYSTEMPATH\CodeIgniter.php(351): CodeIgniter\CodeIgniter->handleRequest(null, Object(Config\Cache), false)
 4 FCPATH\index.php(67): CodeIgniter\CodeIgniter->run()
 5 SYSTEMPATH\Commands\Server\rewrite.php(46): require_once('FCPATH\\index.php')
CRITICAL - 2022-12-14 03:25:49 --> Array callback must have exactly two elements
in APPPATH\Controllers\Movies.php on line 62.
 1 SYSTEMPATH\CodeIgniter.php(927): App\Controllers\Movies->update('2')
 2 SYSTEMPATH\CodeIgniter.php(482): CodeIgniter\CodeIgniter->runController(Object(App\Controllers\Movies))
 3 SYSTEMPATH\CodeIgniter.php(351): CodeIgniter\CodeIgniter->handleRequest(null, Object(Config\Cache), false)
 4 FCPATH\index.php(67): CodeIgniter\CodeIgniter->run()
 5 SYSTEMPATH\Commands\Server\rewrite.php(46): require_once('FCPATH\\index.php')
CRITICAL - 2022-12-14 03:26:03 --> Array callback must have exactly two elements
in APPPATH\Controllers\Movies.php on line 62.
 1 SYSTEMPATH\CodeIgniter.php(927): App\Controllers\Movies->update('2')
 2 SYSTEMPATH\CodeIgniter.php(482): CodeIgniter\CodeIgniter->runController(Object(App\Controllers\Movies))
 3 SYSTEMPATH\CodeIgniter.php(351): CodeIgniter\CodeIgniter->handleRequest(null, Object(Config\Cache), false)
 4 FCPATH\index.php(67): CodeIgniter\CodeIgniter->run()
 5 SYSTEMPATH\Commands\Server\rewrite.php(46): require_once('FCPATH\\index.php')
CRITICAL - 2022-12-14 03:26:52 --> Undefined array key "gambar_movie"
in APPPATH\Controllers\Movies.php on line 62.
 1 APPPATH\Controllers\Movies.php(62): CodeIgniter\Debug\Exceptions->errorHandler(2, 'Undefined array key "gambar_movie"', 'APPPATH\\Controllers\\Movies.php', 62)
 2 SYSTEMPATH\CodeIgniter.php(927): App\Controllers\Movies->update('2')
 3 SYSTEMPATH\CodeIgniter.php(482): CodeIgniter\CodeIgniter->runController(Object(App\Controllers\Movies))
 4 SYSTEMPATH\CodeIgniter.php(351): CodeIgniter\CodeIgniter->handleRequest(null, Object(Config\Cache), false)
 5 FCPATH\index.php(67): CodeIgniter\CodeIgniter->run()
 6 SYSTEMPATH\Commands\Server\rewrite.php(46): require_once('FCPATH\\index.php')
CRITICAL - 2022-12-14 03:41:56 --> Object of class stdClass could not be converted to string
in SYSTEMPATH\Database\Query.php on line 329.
 1 SYSTEMPATH\Database\Query.php(329): implode(',', [...])
 2 SYSTEMPATH\Database\Query.php(310): CodeIgniter\Database\Query->matchNamedBinds('UPDATE `tbl_movie` SET `judul_movie` = :judul_movie:, `gambar_movie` = :gambar_movie:, `detail_movie` = :detail_movie:, `type_movie` = :type_movie:
WHERE `tbl_movie`.`id_movie` IN :tbl_movie.id_movie:', [...])
 3 SYSTEMPATH\Database\Query.php(159): CodeIgniter\Database\Query->compileBinds()
 4 SYSTEMPATH\Database\BaseConnection.php(593): CodeIgniter\Database\Query->getQuery()
 5 SYSTEMPATH\Database\BaseBuilder.php(2079): CodeIgniter\Database\BaseConnection->query('UPDATE `tbl_movie` SET `judul_movie` = :judul_movie:, `gambar_movie` = :gambar_movie:, `detail_movie` = :detail_movie:, `type_movie` = :type_movie:
WHERE `tbl_movie`.`id_movie` IN :tbl_movie.id_movie:', [...], false)
 6 SYSTEMPATH\Model.php(338): CodeIgniter\Database\BaseBuilder->update()
 7 SYSTEMPATH\BaseModel.php(886): CodeIgniter\Model->doUpdate([...], [...])
 8 SYSTEMPATH\Model.php(693): CodeIgniter\BaseModel->update([...], [...])
 9 APPPATH\Controllers\Movies.php(78): CodeIgniter\Model->update([...], [...])
10 SYSTEMPATH\CodeIgniter.php(927): App\Controllers\Movies->update([...])
11 SYSTEMPATH\CodeIgniter.php(482): CodeIgniter\CodeIgniter->runController(Object(App\Controllers\Movies))
12 SYSTEMPATH\CodeIgniter.php(351): CodeIgniter\CodeIgniter->handleRequest(null, Object(Config\Cache), false)
13 FCPATH\index.php(67): CodeIgniter\CodeIgniter->run()
14 SYSTEMPATH\Commands\Server\rewrite.php(46): require_once('FCPATH\\index.php')
CRITICAL - 2022-12-14 03:42:36 --> Object of class stdClass could not be converted to string
in SYSTEMPATH\Database\Query.php on line 329.
 1 SYSTEMPATH\Database\Query.php(329): implode(',', [...])
 2 SYSTEMPATH\Database\Query.php(310): CodeIgniter\Database\Query->matchNamedBinds('UPDATE `tbl_movie` SET `judul_movie` = :judul_movie:, `gambar_movie` = :gambar_movie:, `detail_movie` = :detail_movie:, `type_movie` = :type_movie:
WHERE `tbl_movie`.`id_movie` IN :tbl_movie.id_movie:', [...])
 3 SYSTEMPATH\Database\Query.php(159): CodeIgniter\Database\Query->compileBinds()
 4 SYSTEMPATH\Database\BaseConnection.php(593): CodeIgniter\Database\Query->getQuery()
 5 SYSTEMPATH\Database\BaseBuilder.php(2079): CodeIgniter\Database\BaseConnection->query('UPDATE `tbl_movie` SET `judul_movie` = :judul_movie:, `gambar_movie` = :gambar_movie:, `detail_movie` = :detail_movie:, `type_movie` = :type_movie:
WHERE `tbl_movie`.`id_movie` IN :tbl_movie.id_movie:', [...], false)
 6 SYSTEMPATH\Model.php(338): CodeIgniter\Database\BaseBuilder->update()
 7 SYSTEMPATH\BaseModel.php(886): CodeIgniter\Model->doUpdate([...], [...])
 8 SYSTEMPATH\Model.php(693): CodeIgniter\BaseModel->update([...], [...])
 9 APPPATH\Controllers\Movies.php(78): CodeIgniter\Model->update([...], [...])
10 SYSTEMPATH\CodeIgniter.php(927): App\Controllers\Movies->update([...])
11 SYSTEMPATH\CodeIgniter.php(482): CodeIgniter\CodeIgniter->runController(Object(App\Controllers\Movies))
12 SYSTEMPATH\CodeIgniter.php(351): CodeIgniter\CodeIgniter->handleRequest(null, Object(Config\Cache), false)
13 FCPATH\index.php(67): CodeIgniter\CodeIgniter->run()
14 SYSTEMPATH\Commands\Server\rewrite.php(46): require_once('FCPATH\\index.php')
CRITICAL - 2022-12-14 03:43:40 --> Object of class stdClass could not be converted to string
in SYSTEMPATH\Database\Query.php on line 329.
 1 SYSTEMPATH\Database\Query.php(329): implode(',', [...])
 2 SYSTEMPATH\Database\Query.php(310): CodeIgniter\Database\Query->matchNamedBinds('UPDATE `tbl_movie` SET `judul_movie` = :judul_movie:, `gambar_movie` = :gambar_movie:, `detail_movie` = :detail_movie:, `type_movie` = :type_movie:
WHERE `tbl_movie`.`id_movie` IN :tbl_movie.id_movie:', [...])
 3 SYSTEMPATH\Database\Query.php(159): CodeIgniter\Database\Query->compileBinds()
 4 SYSTEMPATH\Database\BaseConnection.php(593): CodeIgniter\Database\Query->getQuery()
 5 SYSTEMPATH\Database\BaseBuilder.php(2079): CodeIgniter\Database\BaseConnection->query('UPDATE `tbl_movie` SET `judul_movie` = :judul_movie:, `gambar_movie` = :gambar_movie:, `detail_movie` = :detail_movie:, `type_movie` = :type_movie:
WHERE `tbl_movie`.`id_movie` IN :tbl_movie.id_movie:', [...], false)
 6 SYSTEMPATH\Model.php(338): CodeIgniter\Database\BaseBuilder->update()
 7 SYSTEMPATH\BaseModel.php(886): CodeIgniter\Model->doUpdate([...], [...])
 8 SYSTEMPATH\Model.php(693): CodeIgniter\BaseModel->update([...], [...])
 9 APPPATH\Controllers\Movies.php(69): CodeIgniter\Model->update([...], [...])
10 SYSTEMPATH\CodeIgniter.php(927): App\Controllers\Movies->update([...])
11 SYSTEMPATH\CodeIgniter.php(482): CodeIgniter\CodeIgniter->runController(Object(App\Controllers\Movies))
12 SYSTEMPATH\CodeIgniter.php(351): CodeIgniter\CodeIgniter->handleRequest(null, Object(Config\Cache), false)
13 FCPATH\index.php(67): CodeIgniter\CodeIgniter->run()
14 SYSTEMPATH\Commands\Server\rewrite.php(46): require_once('FCPATH\\index.php')
CRITICAL - 2022-12-14 03:46:57 --> Object of class stdClass could not be converted to string
in SYSTEMPATH\Database\Query.php on line 329.
 1 SYSTEMPATH\Database\Query.php(329): implode(',', [...])
 2 SYSTEMPATH\Database\Query.php(310): CodeIgniter\Database\Query->matchNamedBinds('UPDATE `tbl_movie` SET `judul_movie` = :judul_movie:, `gambar_movie` = :gambar_movie:, `detail_movie` = :detail_movie:, `type_movie` = :type_movie:
WHERE `tbl_movie`.`id_movie` IN :tbl_movie.id_movie:', [...])
 3 SYSTEMPATH\Database\Query.php(159): CodeIgniter\Database\Query->compileBinds()
 4 SYSTEMPATH\Database\BaseConnection.php(593): CodeIgniter\Database\Query->getQuery()
 5 SYSTEMPATH\Database\BaseBuilder.php(2079): CodeIgniter\Database\BaseConnection->query('UPDATE `tbl_movie` SET `judul_movie` = :judul_movie:, `gambar_movie` = :gambar_movie:, `detail_movie` = :detail_movie:, `type_movie` = :type_movie:
WHERE `tbl_movie`.`id_movie` IN :tbl_movie.id_movie:', [...], false)
 6 SYSTEMPATH\Model.php(338): CodeIgniter\Database\BaseBuilder->update()
 7 SYSTEMPATH\BaseModel.php(886): CodeIgniter\Model->doUpdate([...], [...])
 8 SYSTEMPATH\Model.php(693): CodeIgniter\BaseModel->update([...], [...])
 9 APPPATH\Controllers\Movies.php(78): CodeIgniter\Model->update([...], [...])
10 SYSTEMPATH\CodeIgniter.php(927): App\Controllers\Movies->update([...])
11 SYSTEMPATH\CodeIgniter.php(482): CodeIgniter\CodeIgniter->runController(Object(App\Controllers\Movies))
12 SYSTEMPATH\CodeIgniter.php(351): CodeIgniter\CodeIgniter->handleRequest(null, Object(Config\Cache), false)
13 FCPATH\index.php(67): CodeIgniter\CodeIgniter->run()
14 SYSTEMPATH\Commands\Server\rewrite.php(46): require_once('FCPATH\\index.php')
ERROR - 2022-12-14 06:54:14 --> Error connecting to the database: mysqli_sql_exception: No connection could be made because the target machine actively refused it in C:\xampp\htdocs\Server\movie-cyber\vendor\codeigniter4\framework\system\Database\MySQLi\Connection.php:171
Stack trace:
#0 C:\xampp\htdocs\Server\movie-cyber\vendor\codeigniter4\framework\system\Database\MySQLi\Connection.php(171): mysqli->real_connect('localhost', 'root', '', 'db_cyber_movie', 3306, '', 0)
#1 C:\xampp\htdocs\Server\movie-cyber\vendor\codeigniter4\framework\system\Database\BaseConnection.php(382): CodeIgniter\Database\MySQLi\Connection->connect(false)
#2 C:\xampp\htdocs\Server\movie-cyber\vendor\codeigniter4\framework\system\Database\BaseConnection.php(561): CodeIgniter\Database\BaseConnection->initialize()
#3 C:\xampp\htdocs\Server\movie-cyber\vendor\codeigniter4\framework\system\Database\BaseBuilder.php(1585): CodeIgniter\Database\BaseConnection->query('SELECT *\nFROM `...', Array, false)
#4 C:\xampp\htdocs\Server\movie-cyber\vendor\codeigniter4\framework\system\Model.php(223): CodeIgniter\Database\BaseBuilder->get()
#5 C:\xampp\htdocs\Server\movie-cyber\vendor\codeigniter4\framework\system\BaseModel.php(585): CodeIgniter\Model->doFindAll(0, 0)
#6 C:\xampp\htdocs\Server\movie-cyber\app\Controllers\Movies.php(15): CodeIgniter\BaseModel->findAll()
#7 C:\xampp\htdocs\Server\movie-cyber\vendor\codeigniter4\framework\system\CodeIgniter.php(927): App\Controllers\Movies->index()
#8 C:\xampp\htdocs\Server\movie-cyber\vendor\codeigniter4\framework\system\CodeIgniter.php(482): CodeIgniter\CodeIgniter->runController(Object(App\Controllers\Movies))
#9 C:\xampp\htdocs\Server\movie-cyber\vendor\codeigniter4\framework\system\CodeIgniter.php(351): CodeIgniter\CodeIgniter->handleRequest(NULL, Object(Config\Cache), false)
#10 C:\xampp\htdocs\Server\movie-cyber\public\index.php(67): CodeIgniter\CodeIgniter->run()
#11 C:\xampp\htdocs\Server\movie-cyber\vendor\codeigniter4\framework\system\Commands\Server\rewrite.php(46): require_once('C:\\xampp\\htdocs...')
#12 {main}

Next CodeIgniter\Database\Exceptions\DatabaseException: No connection could be made because the target machine actively refused it in C:\xampp\htdocs\Server\movie-cyber\vendor\codeigniter4\framework\system\Database\MySQLi\Connection.php:215
Stack trace:
#0 C:\xampp\htdocs\Server\movie-cyber\vendor\codeigniter4\framework\system\Database\BaseConnection.php(382): CodeIgniter\Database\MySQLi\Connection->connect(false)
#1 C:\xampp\htdocs\Server\movie-cyber\vendor\codeigniter4\framework\system\Database\BaseConnection.php(561): CodeIgniter\Database\BaseConnection->initialize()
#2 C:\xampp\htdocs\Server\movie-cyber\vendor\codeigniter4\framework\system\Database\BaseBuilder.php(1585): CodeIgniter\Database\BaseConnection->query('SELECT *\nFROM `...', Array, false)
#3 C:\xampp\htdocs\Server\movie-cyber\vendor\codeigniter4\framework\system\Model.php(223): CodeIgniter\Database\BaseBuilder->get()
#4 C:\xampp\htdocs\Server\movie-cyber\vendor\codeigniter4\framework\system\BaseModel.php(585): CodeIgniter\Model->doFindAll(0, 0)
#5 C:\xampp\htdocs\Server\movie-cyber\app\Controllers\Movies.php(15): CodeIgniter\BaseModel->findAll()
#6 C:\xampp\htdocs\Server\movie-cyber\vendor\codeigniter4\framework\system\CodeIgniter.php(927): App\Controllers\Movies->index()
#7 C:\xampp\htdocs\Server\movie-cyber\vendor\codeigniter4\framework\system\CodeIgniter.php(482): CodeIgniter\CodeIgniter->runController(Object(App\Controllers\Movies))
#8 C:\xampp\htdocs\Server\movie-cyber\vendor\codeigniter4\framework\system\CodeIgniter.php(351): CodeIgniter\CodeIgniter->handleRequest(NULL, Object(Config\Cache), false)
#9 C:\xampp\htdocs\Server\movie-cyber\public\index.php(67): CodeIgniter\CodeIgniter->run()
#10 C:\xampp\htdocs\Server\movie-cyber\vendor\codeigniter4\framework\system\Commands\Server\rewrite.php(46): require_once('C:\\xampp\\htdocs...')
#11 {main}
CRITICAL - 2022-12-14 06:54:14 --> Unable to connect to the database.
Main connection [MySQLi]: No connection could be made because the target machine actively refused it
in SYSTEMPATH\Database\BaseConnection.php on line 418.
 1 SYSTEMPATH\Database\BaseConnection.php(561): CodeIgniter\Database\BaseConnection->initialize()
 2 SYSTEMPATH\Database\BaseBuilder.php(1585): CodeIgniter\Database\BaseConnection->query('SELECT *
FROM `tbl_movie`', [], false)
 3 SYSTEMPATH\Model.php(223): CodeIgniter\Database\BaseBuilder->get()
 4 SYSTEMPATH\BaseModel.php(585): CodeIgniter\Model->doFindAll(0, 0)
 5 APPPATH\Controllers\Movies.php(15): CodeIgniter\BaseModel->findAll()
 6 SYSTEMPATH\CodeIgniter.php(927): App\Controllers\Movies->index()
 7 SYSTEMPATH\CodeIgniter.php(482): CodeIgniter\CodeIgniter->runController(Object(App\Controllers\Movies))
 8 SYSTEMPATH\CodeIgniter.php(351): CodeIgniter\CodeIgniter->handleRequest(null, Object(Config\Cache), false)
 9 FCPATH\index.php(67): CodeIgniter\CodeIgniter->run()
10 SYSTEMPATH\Commands\Server\rewrite.php(46): require_once('FCPATH\\index.php')
CRITICAL - 2022-12-14 07:24:28 --> whereIn() expects $values to be of type array or closure
in SYSTEMPATH\Database\BaseBuilder.php on line 907.
 1 SYSTEMPATH\Database\BaseBuilder.php(789): CodeIgniter\Database\BaseBuilder->_whereIn('tbl_movie.id_movie', Object(App\Models\ModelMovie), false, 'AND ', null)
 2 SYSTEMPATH\Model.php(330): CodeIgniter\Database\BaseBuilder->whereIn('tbl_movie.id_movie', Object(App\Models\ModelMovie))
 3 SYSTEMPATH\BaseModel.php(886): CodeIgniter\Model->doUpdate(Object(App\Models\ModelMovie), [...])
 4 SYSTEMPATH\Model.php(693): CodeIgniter\BaseModel->update(Object(App\Models\ModelMovie), [...])
 5 APPPATH\Controllers\Movies.php(68): CodeIgniter\Model->update(Object(App\Models\ModelMovie), [...])
 6 SYSTEMPATH\CodeIgniter.php(927): App\Controllers\Movies->update('10')
 7 SYSTEMPATH\CodeIgniter.php(482): CodeIgniter\CodeIgniter->runController(Object(App\Controllers\Movies))
 8 SYSTEMPATH\CodeIgniter.php(351): CodeIgniter\CodeIgniter->handleRequest(null, Object(Config\Cache), false)
 9 FCPATH\index.php(67): CodeIgniter\CodeIgniter->run()
10 SYSTEMPATH\Commands\Server\rewrite.php(46): require_once('FCPATH\\index.php')
CRITICAL - 2022-12-14 17:45:21 --> Call to a member function findAll() on null
in APPPATH\Models\ModelMovie.php on line 15.
 1 APPPATH\Controllers\Movies.php(22): App\Models\ModelMovie->getMovie()
 2 SYSTEMPATH\CodeIgniter.php(927): App\Controllers\Movies->index()
 3 SYSTEMPATH\CodeIgniter.php(482): CodeIgniter\CodeIgniter->runController(Object(App\Controllers\Movies))
 4 SYSTEMPATH\CodeIgniter.php(351): CodeIgniter\CodeIgniter->handleRequest(null, Object(Config\Cache), false)
 5 FCPATH\index.php(67): CodeIgniter\CodeIgniter->run()
 6 SYSTEMPATH\Commands\Server\rewrite.php(46): require_once('FCPATH\\index.php')
CRITICAL - 2022-12-14 17:45:50 --> Call to a member function findAll() on null
in APPPATH\Models\ModelMovie.php on line 15.
 1 APPPATH\Controllers\Movies.php(22): App\Models\ModelMovie->getMovie()
 2 SYSTEMPATH\CodeIgniter.php(927): App\Controllers\Movies->index()
 3 SYSTEMPATH\CodeIgniter.php(482): CodeIgniter\CodeIgniter->runController(Object(App\Controllers\Movies))
 4 SYSTEMPATH\CodeIgniter.php(351): CodeIgniter\CodeIgniter->handleRequest(null, Object(Config\Cache), false)
 5 FCPATH\index.php(67): CodeIgniter\CodeIgniter->run()
 6 SYSTEMPATH\Commands\Server\rewrite.php(46): require_once('FCPATH\\index.php')
CRITICAL - 2022-12-14 17:46:37 --> Call to a member function findAll() on null
in APPPATH\Models\ModelMovie.php on line 15.
 1 APPPATH\Controllers\Movies.php(22): App\Models\ModelMovie->getMovie()
 2 SYSTEMPATH\CodeIgniter.php(927): App\Controllers\Movies->index()
 3 SYSTEMPATH\CodeIgniter.php(482): CodeIgniter\CodeIgniter->runController(Object(App\Controllers\Movies))
 4 SYSTEMPATH\CodeIgniter.php(351): CodeIgniter\CodeIgniter->handleRequest(null, Object(Config\Cache), false)
 5 FCPATH\index.php(67): CodeIgniter\CodeIgniter->run()
 6 SYSTEMPATH\Commands\Server\rewrite.php(46): require_once('FCPATH\\index.php')
CRITICAL - 2022-12-14 17:47:47 --> Call to a member function findAll() on null
in APPPATH\Models\ModelMovie.php on line 15.
 1 APPPATH\Controllers\Movies.php(22): App\Models\ModelMovie->getMovie()
 2 SYSTEMPATH\CodeIgniter.php(927): App\Controllers\Movies->index()
 3 SYSTEMPATH\CodeIgniter.php(482): CodeIgniter\CodeIgniter->runController(Object(App\Controllers\Movies))
 4 SYSTEMPATH\CodeIgniter.php(351): CodeIgniter\CodeIgniter->handleRequest(null, Object(Config\Cache), false)
 5 FCPATH\index.php(67): CodeIgniter\CodeIgniter->run()
 6 SYSTEMPATH\Commands\Server\rewrite.php(46): require_once('FCPATH\\index.php')
CRITICAL - 2022-12-14 18:19:42 --> Cannot redeclare App\Controllers\Movies::create()
in APPPATH\Controllers\Movies.php on line 63.
 1 [internal function]: CodeIgniter\Debug\Exceptions->shutdownHandler()
CRITICAL - 2022-12-14 18:20:09 --> Call to a member function getRawInput() on null
in APPPATH\Models\ModelMovie.php on line 23.
 1 APPPATH\Controllers\Movies.php(65): App\Models\ModelMovie->setMovie('1')
 2 SYSTEMPATH\CodeIgniter.php(927): App\Controllers\Movies->update('1')
 3 SYSTEMPATH\CodeIgniter.php(482): CodeIgniter\CodeIgniter->runController(Object(App\Controllers\Movies))
 4 SYSTEMPATH\CodeIgniter.php(351): CodeIgniter\CodeIgniter->handleRequest(null, Object(Config\Cache), false)
 5 FCPATH\index.php(67): CodeIgniter\CodeIgniter->run()
 6 SYSTEMPATH\Commands\Server\rewrite.php(46): require_once('FCPATH\\index.php')
CRITICAL - 2022-12-14 18:20:12 --> Call to a member function getRawInput() on null
in APPPATH\Models\ModelMovie.php on line 23.
 1 APPPATH\Controllers\Movies.php(65): App\Models\ModelMovie->setMovie('1')
 2 SYSTEMPATH\CodeIgniter.php(927): App\Controllers\Movies->update('1')
 3 SYSTEMPATH\CodeIgniter.php(482): CodeIgniter\CodeIgniter->runController(Object(App\Controllers\Movies))
 4 SYSTEMPATH\CodeIgniter.php(351): CodeIgniter\CodeIgniter->handleRequest(null, Object(Config\Cache), false)
 5 FCPATH\index.php(67): CodeIgniter\CodeIgniter->run()
 6 SYSTEMPATH\Commands\Server\rewrite.php(46): require_once('FCPATH\\index.php')
CRITICAL - 2022-12-14 18:30:58 --> Call to a member function update() on null
in APPPATH\Models\ModelMovie.php on line 31.
 1 APPPATH\Controllers\Movies.php(65): App\Models\ModelMovie->setMovie('1')
 2 SYSTEMPATH\CodeIgniter.php(927): App\Controllers\Movies->update('1')
 3 SYSTEMPATH\CodeIgniter.php(482): CodeIgniter\CodeIgniter->runController(Object(App\Controllers\Movies))
 4 SYSTEMPATH\CodeIgniter.php(351): CodeIgniter\CodeIgniter->handleRequest(null, Object(Config\Cache), false)
 5 FCPATH\index.php(67): CodeIgniter\CodeIgniter->run()
 6 SYSTEMPATH\Commands\Server\rewrite.php(46): require_once('FCPATH\\index.php')
CRITICAL - 2022-12-14 18:33:31 --> Trying to access array offset on value of type null
in APPPATH\Models\ModelMovie.php on line 26.
 1 APPPATH\Models\ModelMovie.php(26): CodeIgniter\Debug\Exceptions->errorHandler(2, 'Trying to access array offset on value of type null', 'APPPATH\\Models\\ModelMovie.php', 26)
 2 APPPATH\Controllers\Movies.php(65): App\Models\ModelMovie->setMovie('100')
 3 SYSTEMPATH\CodeIgniter.php(927): App\Controllers\Movies->update('100')
 4 SYSTEMPATH\CodeIgniter.php(482): CodeIgniter\CodeIgniter->runController(Object(App\Controllers\Movies))
 5 SYSTEMPATH\CodeIgniter.php(351): CodeIgniter\CodeIgniter->handleRequest(null, Object(Config\Cache), false)
 6 FCPATH\index.php(67): CodeIgniter\CodeIgniter->run()
 7 SYSTEMPATH\Commands\Server\rewrite.php(46): require_once('FCPATH\\index.php')
CRITICAL - 2022-12-14 18:35:31 --> Trying to access array offset on value of type null
in APPPATH\Models\ModelMovie.php on line 25.
 1 APPPATH\Models\ModelMovie.php(25): CodeIgniter\Debug\Exceptions->errorHandler(2, 'Trying to access array offset on value of type null', 'APPPATH\\Models\\ModelMovie.php', 25)
 2 APPPATH\Controllers\Movies.php(65): App\Models\ModelMovie->setMovie('100')
 3 SYSTEMPATH\CodeIgniter.php(927): App\Controllers\Movies->update('100')
 4 SYSTEMPATH\CodeIgniter.php(482): CodeIgniter\CodeIgniter->runController(Object(App\Controllers\Movies))
 5 SYSTEMPATH\CodeIgniter.php(351): CodeIgniter\CodeIgniter->handleRequest(null, Object(Config\Cache), false)
 6 FCPATH\index.php(67): CodeIgniter\CodeIgniter->run()
 7 SYSTEMPATH\Commands\Server\rewrite.php(46): require_once('FCPATH\\index.php')
CRITICAL - 2022-12-14 18:41:40 --> Too few arguments to function App\Models\ModelMovie::setMovie(), 1 passed in C:\xampp\htdocs\Server\movie-cyber\app\Controllers\Movies.php on line 65 and exactly 5 expected
in APPPATH\Models\ModelMovie.php on line 20.
 1 APPPATH\Controllers\Movies.php(65): App\Models\ModelMovie->setMovie('1')
 2 SYSTEMPATH\CodeIgniter.php(927): App\Controllers\Movies->update('1')
 3 SYSTEMPATH\CodeIgniter.php(482): CodeIgniter\CodeIgniter->runController(Object(App\Controllers\Movies))
 4 SYSTEMPATH\CodeIgniter.php(351): CodeIgniter\CodeIgniter->handleRequest(null, Object(Config\Cache), false)
 5 FCPATH\index.php(67): CodeIgniter\CodeIgniter->run()
 6 SYSTEMPATH\Commands\Server\rewrite.php(46): require_once('FCPATH\\index.php')
ERROR - 2022-12-14 20:08:32 --> Error connecting to the database: mysqli_sql_exception: No connection could be made because the target machine actively refused it in C:\xampp\htdocs\TA-CYBER\Server\vendor\codeigniter4\framework\system\Database\MySQLi\Connection.php:171
Stack trace:
#0 C:\xampp\htdocs\TA-CYBER\Server\vendor\codeigniter4\framework\system\Database\MySQLi\Connection.php(171): mysqli->real_connect('localhost', 'root', '', 'db_cyber_movie', 3306, '', 0)
#1 C:\xampp\htdocs\TA-CYBER\Server\vendor\codeigniter4\framework\system\Database\BaseConnection.php(382): CodeIgniter\Database\MySQLi\Connection->connect(false)
#2 C:\xampp\htdocs\TA-CYBER\Server\vendor\codeigniter4\framework\system\Database\BaseConnection.php(561): CodeIgniter\Database\BaseConnection->initialize()
#3 C:\xampp\htdocs\TA-CYBER\Server\vendor\codeigniter4\framework\system\Database\BaseBuilder.php(1585): CodeIgniter\Database\BaseConnection->query('SELECT *\nFROM `...', Array, false)
#4 C:\xampp\htdocs\TA-CYBER\Server\vendor\codeigniter4\framework\system\Model.php(223): CodeIgniter\Database\BaseBuilder->get()
#5 C:\xampp\htdocs\TA-CYBER\Server\vendor\codeigniter4\framework\system\BaseModel.php(585): CodeIgniter\Model->doFindAll(0, 0)
#6 C:\xampp\htdocs\TA-CYBER\Server\app\Models\ModelMovie.php(15): CodeIgniter\BaseModel->findAll()
#7 C:\xampp\htdocs\TA-CYBER\Server\app\Controllers\Movies.php(22): App\Models\ModelMovie->getMovie()
#8 C:\xampp\htdocs\TA-CYBER\Server\vendor\codeigniter4\framework\system\CodeIgniter.php(927): App\Controllers\Movies->index()
#9 C:\xampp\htdocs\TA-CYBER\Server\vendor\codeigniter4\framework\system\CodeIgniter.php(482): CodeIgniter\CodeIgniter->runController(Object(App\Controllers\Movies))
#10 C:\xampp\htdocs\TA-CYBER\Server\vendor\codeigniter4\framework\system\CodeIgniter.php(351): CodeIgniter\CodeIgniter->handleRequest(NULL, Object(Config\Cache), false)
#11 C:\xampp\htdocs\TA-CYBER\Server\public\index.php(67): CodeIgniter\CodeIgniter->run()
#12 C:\xampp\htdocs\TA-CYBER\Server\vendor\codeigniter4\framework\system\Commands\Server\rewrite.php(46): require_once('C:\\xampp\\htdocs...')
#13 {main}

Next CodeIgniter\Database\Exceptions\DatabaseException: No connection could be made because the target machine actively refused it in C:\xampp\htdocs\TA-CYBER\Server\vendor\codeigniter4\framework\system\Database\MySQLi\Connection.php:215
Stack trace:
#0 C:\xampp\htdocs\TA-CYBER\Server\vendor\codeigniter4\framework\system\Database\BaseConnection.php(382): CodeIgniter\Database\MySQLi\Connection->connect(false)
#1 C:\xampp\htdocs\TA-CYBER\Server\vendor\codeigniter4\framework\system\Database\BaseConnection.php(561): CodeIgniter\Database\BaseConnection->initialize()
#2 C:\xampp\htdocs\TA-CYBER\Server\vendor\codeigniter4\framework\system\Database\BaseBuilder.php(1585): CodeIgniter\Database\BaseConnection->query('SELECT *\nFROM `...', Array, false)
#3 C:\xampp\htdocs\TA-CYBER\Server\vendor\codeigniter4\framework\system\Model.php(223): CodeIgniter\Database\BaseBuilder->get()
#4 C:\xampp\htdocs\TA-CYBER\Server\vendor\codeigniter4\framework\system\BaseModel.php(585): CodeIgniter\Model->doFindAll(0, 0)
#5 C:\xampp\htdocs\TA-CYBER\Server\app\Models\ModelMovie.php(15): CodeIgniter\BaseModel->findAll()
#6 C:\xampp\htdocs\TA-CYBER\Server\app\Controllers\Movies.php(22): App\Models\ModelMovie->getMovie()
#7 C:\xampp\htdocs\TA-CYBER\Server\vendor\codeigniter4\framework\system\CodeIgniter.php(927): App\Controllers\Movies->index()
#8 C:\xampp\htdocs\TA-CYBER\Server\vendor\codeigniter4\framework\system\CodeIgniter.php(482): CodeIgniter\CodeIgniter->runController(Object(App\Controllers\Movies))
#9 C:\xampp\htdocs\TA-CYBER\Server\vendor\codeigniter4\framework\system\CodeIgniter.php(351): CodeIgniter\CodeIgniter->handleRequest(NULL, Object(Config\Cache), false)
#10 C:\xampp\htdocs\TA-CYBER\Server\public\index.php(67): CodeIgniter\CodeIgniter->run()
#11 C:\xampp\htdocs\TA-CYBER\Server\vendor\codeigniter4\framework\system\Commands\Server\rewrite.php(46): require_once('C:\\xampp\\htdocs...')
#12 {main}
CRITICAL - 2022-12-14 20:08:32 --> Unable to connect to the database.
Main connection [MySQLi]: No connection could be made because the target machine actively refused it
in SYSTEMPATH\Database\BaseConnection.php on line 418.
 1 SYSTEMPATH\Database\BaseConnection.php(561): CodeIgniter\Database\BaseConnection->initialize()
 2 SYSTEMPATH\Database\BaseBuilder.php(1585): CodeIgniter\Database\BaseConnection->query('SELECT *
FROM `tbl_movie`', [], false)
 3 SYSTEMPATH\Model.php(223): CodeIgniter\Database\BaseBuilder->get()
 4 SYSTEMPATH\BaseModel.php(585): CodeIgniter\Model->doFindAll(0, 0)
 5 APPPATH\Models\ModelMovie.php(15): CodeIgniter\BaseModel->findAll()
 6 APPPATH\Controllers\Movies.php(22): App\Models\ModelMovie->getMovie()
 7 SYSTEMPATH\CodeIgniter.php(927): App\Controllers\Movies->index()
 8 SYSTEMPATH\CodeIgniter.php(482): CodeIgniter\CodeIgniter->runController(Object(App\Controllers\Movies))
 9 SYSTEMPATH\CodeIgniter.php(351): CodeIgniter\CodeIgniter->handleRequest(null, Object(Config\Cache), false)
10 FCPATH\index.php(67): CodeIgniter\CodeIgniter->run()
11 SYSTEMPATH\Commands\Server\rewrite.php(46): require_once('FCPATH\\index.php')
ERROR - 2022-12-14 20:08:37 --> Error connecting to the database: mysqli_sql_exception: No connection could be made because the target machine actively refused it in C:\xampp\htdocs\TA-CYBER\Server\vendor\codeigniter4\framework\system\Database\MySQLi\Connection.php:171
Stack trace:
#0 C:\xampp\htdocs\TA-CYBER\Server\vendor\codeigniter4\framework\system\Database\MySQLi\Connection.php(171): mysqli->real_connect('localhost', 'root', '', 'db_cyber_movie', 3306, '', 0)
#1 C:\xampp\htdocs\TA-CYBER\Server\vendor\codeigniter4\framework\system\Database\BaseConnection.php(382): CodeIgniter\Database\MySQLi\Connection->connect(false)
#2 C:\xampp\htdocs\TA-CYBER\Server\vendor\codeigniter4\framework\system\Database\BaseConnection.php(561): CodeIgniter\Database\BaseConnection->initialize()
#3 C:\xampp\htdocs\TA-CYBER\Server\vendor\codeigniter4\framework\system\Database\BaseBuilder.php(1585): CodeIgniter\Database\BaseConnection->query('SELECT *\nFROM `...', Array, false)
#4 C:\xampp\htdocs\TA-CYBER\Server\vendor\codeigniter4\framework\system\Model.php(223): CodeIgniter\Database\BaseBuilder->get()
#5 C:\xampp\htdocs\TA-CYBER\Server\vendor\codeigniter4\framework\system\BaseModel.php(585): CodeIgniter\Model->doFindAll(0, 0)
#6 C:\xampp\htdocs\TA-CYBER\Server\app\Models\ModelMovie.php(15): CodeIgniter\BaseModel->findAll()
#7 C:\xampp\htdocs\TA-CYBER\Server\app\Controllers\Movies.php(22): App\Models\ModelMovie->getMovie()
#8 C:\xampp\htdocs\TA-CYBER\Server\vendor\codeigniter4\framework\system\CodeIgniter.php(927): App\Controllers\Movies->index()
#9 C:\xampp\htdocs\TA-CYBER\Server\vendor\codeigniter4\framework\system\CodeIgniter.php(482): CodeIgniter\CodeIgniter->runController(Object(App\Controllers\Movies))
#10 C:\xampp\htdocs\TA-CYBER\Server\vendor\codeigniter4\framework\system\CodeIgniter.php(351): CodeIgniter\CodeIgniter->handleRequest(NULL, Object(Config\Cache), false)
#11 C:\xampp\htdocs\TA-CYBER\Server\public\index.php(67): CodeIgniter\CodeIgniter->run()
#12 C:\xampp\htdocs\TA-CYBER\Server\vendor\codeigniter4\framework\system\Commands\Server\rewrite.php(46): require_once('C:\\xampp\\htdocs...')
#13 {main}

Next CodeIgniter\Database\Exceptions\DatabaseException: No connection could be made because the target machine actively refused it in C:\xampp\htdocs\TA-CYBER\Server\vendor\codeigniter4\framework\system\Database\MySQLi\Connection.php:215
Stack trace:
#0 C:\xampp\htdocs\TA-CYBER\Server\vendor\codeigniter4\framework\system\Database\BaseConnection.php(382): CodeIgniter\Database\MySQLi\Connection->connect(false)
#1 C:\xampp\htdocs\TA-CYBER\Server\vendor\codeigniter4\framework\system\Database\BaseConnection.php(561): CodeIgniter\Database\BaseConnection->initialize()
#2 C:\xampp\htdocs\TA-CYBER\Server\vendor\codeigniter4\framework\system\Database\BaseBuilder.php(1585): CodeIgniter\Database\BaseConnection->query('SELECT *\nFROM `...', Array, false)
#3 C:\xampp\htdocs\TA-CYBER\Server\vendor\codeigniter4\framework\system\Model.php(223): CodeIgniter\Database\BaseBuilder->get()
#4 C:\xampp\htdocs\TA-CYBER\Server\vendor\codeigniter4\framework\system\BaseModel.php(585): CodeIgniter\Model->doFindAll(0, 0)
#5 C:\xampp\htdocs\TA-CYBER\Server\app\Models\ModelMovie.php(15): CodeIgniter\BaseModel->findAll()
#6 C:\xampp\htdocs\TA-CYBER\Server\app\Controllers\Movies.php(22): App\Models\ModelMovie->getMovie()
#7 C:\xampp\htdocs\TA-CYBER\Server\vendor\codeigniter4\framework\system\CodeIgniter.php(927): App\Controllers\Movies->index()
#8 C:\xampp\htdocs\TA-CYBER\Server\vendor\codeigniter4\framework\system\CodeIgniter.php(482): CodeIgniter\CodeIgniter->runController(Object(App\Controllers\Movies))
#9 C:\xampp\htdocs\TA-CYBER\Server\vendor\codeigniter4\framework\system\CodeIgniter.php(351): CodeIgniter\CodeIgniter->handleRequest(NULL, Object(Config\Cache), false)
#10 C:\xampp\htdocs\TA-CYBER\Server\public\index.php(67): CodeIgniter\CodeIgniter->run()
#11 C:\xampp\htdocs\TA-CYBER\Server\vendor\codeigniter4\framework\system\Commands\Server\rewrite.php(46): require_once('C:\\xampp\\htdocs...')
#12 {main}
CRITICAL - 2022-12-14 20:08:37 --> Unable to connect to the database.
Main connection [MySQLi]: No connection could be made because the target machine actively refused it
in SYSTEMPATH\Database\BaseConnection.php on line 418.
 1 SYSTEMPATH\Database\BaseConnection.php(561): CodeIgniter\Database\BaseConnection->initialize()
 2 SYSTEMPATH\Database\BaseBuilder.php(1585): CodeIgniter\Database\BaseConnection->query('SELECT *
FROM `tbl_movie`', [], false)
 3 SYSTEMPATH\Model.php(223): CodeIgniter\Database\BaseBuilder->get()
 4 SYSTEMPATH\BaseModel.php(585): CodeIgniter\Model->doFindAll(0, 0)
 5 APPPATH\Models\ModelMovie.php(15): CodeIgniter\BaseModel->findAll()
 6 APPPATH\Controllers\Movies.php(22): App\Models\ModelMovie->getMovie()
 7 SYSTEMPATH\CodeIgniter.php(927): App\Controllers\Movies->index()
 8 SYSTEMPATH\CodeIgniter.php(482): CodeIgniter\CodeIgniter->runController(Object(App\Controllers\Movies))
 9 SYSTEMPATH\CodeIgniter.php(351): CodeIgniter\CodeIgniter->handleRequest(null, Object(Config\Cache), false)
10 FCPATH\index.php(67): CodeIgniter\CodeIgniter->run()
11 SYSTEMPATH\Commands\Server\rewrite.php(46): require_once('FCPATH\\index.php')
ERROR - 2022-12-14 20:10:13 --> Error connecting to the database: mysqli_sql_exception: No connection could be made because the target machine actively refused it in C:\xampp\htdocs\TA-CYBER\Server\vendor\codeigniter4\framework\system\Database\MySQLi\Connection.php:171
Stack trace:
#0 C:\xampp\htdocs\TA-CYBER\Server\vendor\codeigniter4\framework\system\Database\MySQLi\Connection.php(171): mysqli->real_connect('localhost', 'root', '', 'db_cyber_movie', 3306, '', 0)
#1 C:\xampp\htdocs\TA-CYBER\Server\vendor\codeigniter4\framework\system\Database\BaseConnection.php(382): CodeIgniter\Database\MySQLi\Connection->connect(false)
#2 C:\xampp\htdocs\TA-CYBER\Server\vendor\codeigniter4\framework\system\Database\BaseConnection.php(561): CodeIgniter\Database\BaseConnection->initialize()
#3 C:\xampp\htdocs\TA-CYBER\Server\vendor\codeigniter4\framework\system\Database\BaseBuilder.php(1585): CodeIgniter\Database\BaseConnection->query('SELECT *\nFROM `...', Array, false)
#4 C:\xampp\htdocs\TA-CYBER\Server\vendor\codeigniter4\framework\system\Model.php(223): CodeIgniter\Database\BaseBuilder->get()
#5 C:\xampp\htdocs\TA-CYBER\Server\vendor\codeigniter4\framework\system\BaseModel.php(585): CodeIgniter\Model->doFindAll(0, 0)
#6 C:\xampp\htdocs\TA-CYBER\Server\app\Models\ModelMovie.php(15): CodeIgniter\BaseModel->findAll()
#7 C:\xampp\htdocs\TA-CYBER\Server\app\Controllers\Movies.php(22): App\Models\ModelMovie->getMovie()
#8 C:\xampp\htdocs\TA-CYBER\Server\vendor\codeigniter4\framework\system\CodeIgniter.php(927): App\Controllers\Movies->index()
#9 C:\xampp\htdocs\TA-CYBER\Server\vendor\codeigniter4\framework\system\CodeIgniter.php(482): CodeIgniter\CodeIgniter->runController(Object(App\Controllers\Movies))
#10 C:\xampp\htdocs\TA-CYBER\Server\vendor\codeigniter4\framework\system\CodeIgniter.php(351): CodeIgniter\CodeIgniter->handleRequest(NULL, Object(Config\Cache), false)
#11 C:\xampp\htdocs\TA-CYBER\Server\public\index.php(67): CodeIgniter\CodeIgniter->run()
#12 C:\xampp\htdocs\TA-CYBER\Server\vendor\codeigniter4\framework\system\Commands\Server\rewrite.php(46): require_once('C:\\xampp\\htdocs...')
#13 {main}

Next CodeIgniter\Database\Exceptions\DatabaseException: No connection could be made because the target machine actively refused it in C:\xampp\htdocs\TA-CYBER\Server\vendor\codeigniter4\framework\system\Database\MySQLi\Connection.php:215
Stack trace:
#0 C:\xampp\htdocs\TA-CYBER\Server\vendor\codeigniter4\framework\system\Database\BaseConnection.php(382): CodeIgniter\Database\MySQLi\Connection->connect(false)
#1 C:\xampp\htdocs\TA-CYBER\Server\vendor\codeigniter4\framework\system\Database\BaseConnection.php(561): CodeIgniter\Database\BaseConnection->initialize()
#2 C:\xampp\htdocs\TA-CYBER\Server\vendor\codeigniter4\framework\system\Database\BaseBuilder.php(1585): CodeIgniter\Database\BaseConnection->query('SELECT *\nFROM `...', Array, false)
#3 C:\xampp\htdocs\TA-CYBER\Server\vendor\codeigniter4\framework\system\Model.php(223): CodeIgniter\Database\BaseBuilder->get()
#4 C:\xampp\htdocs\TA-CYBER\Server\vendor\codeigniter4\framework\system\BaseModel.php(585): CodeIgniter\Model->doFindAll(0, 0)
#5 C:\xampp\htdocs\TA-CYBER\Server\app\Models\ModelMovie.php(15): CodeIgniter\BaseModel->findAll()
#6 C:\xampp\htdocs\TA-CYBER\Server\app\Controllers\Movies.php(22): App\Models\ModelMovie->getMovie()
#7 C:\xampp\htdocs\TA-CYBER\Server\vendor\codeigniter4\framework\system\CodeIgniter.php(927): App\Controllers\Movies->index()
#8 C:\xampp\htdocs\TA-CYBER\Server\vendor\codeigniter4\framework\system\CodeIgniter.php(482): CodeIgniter\CodeIgniter->runController(Object(App\Controllers\Movies))
#9 C:\xampp\htdocs\TA-CYBER\Server\vendor\codeigniter4\framework\system\CodeIgniter.php(351): CodeIgniter\CodeIgniter->handleRequest(NULL, Object(Config\Cache), false)
#10 C:\xampp\htdocs\TA-CYBER\Server\public\index.php(67): CodeIgniter\CodeIgniter->run()
#11 C:\xampp\htdocs\TA-CYBER\Server\vendor\codeigniter4\framework\system\Commands\Server\rewrite.php(46): require_once('C:\\xampp\\htdocs...')
#12 {main}
CRITICAL - 2022-12-14 20:10:13 --> Unable to connect to the database.
Main connection [MySQLi]: No connection could be made because the target machine actively refused it
in SYSTEMPATH\Database\BaseConnection.php on line 418.
 1 SYSTEMPATH\Database\BaseConnection.php(561): CodeIgniter\Database\BaseConnection->initialize()
 2 SYSTEMPATH\Database\BaseBuilder.php(1585): CodeIgniter\Database\BaseConnection->query('SELECT *
FROM `tbl_movie`', [], false)
 3 SYSTEMPATH\Model.php(223): CodeIgniter\Database\BaseBuilder->get()
 4 SYSTEMPATH\BaseModel.php(585): CodeIgniter\Model->doFindAll(0, 0)
 5 APPPATH\Models\ModelMovie.php(15): CodeIgniter\BaseModel->findAll()
 6 APPPATH\Controllers\Movies.php(22): App\Models\ModelMovie->getMovie()
 7 SYSTEMPATH\CodeIgniter.php(927): App\Controllers\Movies->index()
 8 SYSTEMPATH\CodeIgniter.php(482): CodeIgniter\CodeIgniter->runController(Object(App\Controllers\Movies))
 9 SYSTEMPATH\CodeIgniter.php(351): CodeIgniter\CodeIgniter->handleRequest(null, Object(Config\Cache), false)
10 FCPATH\index.php(67): CodeIgniter\CodeIgniter->run()
11 SYSTEMPATH\Commands\Server\rewrite.php(46): require_once('FCPATH\\index.php')
ERROR - 2022-12-14 20:10:22 --> Error connecting to the database: mysqli_sql_exception: No connection could be made because the target machine actively refused it in C:\xampp\htdocs\TA-CYBER\Server\vendor\codeigniter4\framework\system\Database\MySQLi\Connection.php:171
Stack trace:
#0 C:\xampp\htdocs\TA-CYBER\Server\vendor\codeigniter4\framework\system\Database\MySQLi\Connection.php(171): mysqli->real_connect('localhost', 'root', '', 'db_cyber_movie', 3306, '', 0)
#1 C:\xampp\htdocs\TA-CYBER\Server\vendor\codeigniter4\framework\system\Database\BaseConnection.php(382): CodeIgniter\Database\MySQLi\Connection->connect(false)
#2 C:\xampp\htdocs\TA-CYBER\Server\vendor\codeigniter4\framework\system\Database\BaseConnection.php(561): CodeIgniter\Database\BaseConnection->initialize()
#3 C:\xampp\htdocs\TA-CYBER\Server\vendor\codeigniter4\framework\system\Database\BaseBuilder.php(1585): CodeIgniter\Database\BaseConnection->query('SELECT *\nFROM `...', Array, false)
#4 C:\xampp\htdocs\TA-CYBER\Server\vendor\codeigniter4\framework\system\Model.php(223): CodeIgniter\Database\BaseBuilder->get()
#5 C:\xampp\htdocs\TA-CYBER\Server\vendor\codeigniter4\framework\system\BaseModel.php(585): CodeIgniter\Model->doFindAll(0, 0)
#6 C:\xampp\htdocs\TA-CYBER\Server\app\Models\ModelMovie.php(15): CodeIgniter\BaseModel->findAll()
#7 C:\xampp\htdocs\TA-CYBER\Server\app\Controllers\Movies.php(22): App\Models\ModelMovie->getMovie()
#8 C:\xampp\htdocs\TA-CYBER\Server\vendor\codeigniter4\framework\system\CodeIgniter.php(927): App\Controllers\Movies->index()
#9 C:\xampp\htdocs\TA-CYBER\Server\vendor\codeigniter4\framework\system\CodeIgniter.php(482): CodeIgniter\CodeIgniter->runController(Object(App\Controllers\Movies))
#10 C:\xampp\htdocs\TA-CYBER\Server\vendor\codeigniter4\framework\system\CodeIgniter.php(351): CodeIgniter\CodeIgniter->handleRequest(NULL, Object(Config\Cache), false)
#11 C:\xampp\htdocs\TA-CYBER\Server\public\index.php(67): CodeIgniter\CodeIgniter->run()
#12 C:\xampp\htdocs\TA-CYBER\Server\vendor\codeigniter4\framework\system\Commands\Server\rewrite.php(46): require_once('C:\\xampp\\htdocs...')
#13 {main}

Next CodeIgniter\Database\Exceptions\DatabaseException: No connection could be made because the target machine actively refused it in C:\xampp\htdocs\TA-CYBER\Server\vendor\codeigniter4\framework\system\Database\MySQLi\Connection.php:215
Stack trace:
#0 C:\xampp\htdocs\TA-CYBER\Server\vendor\codeigniter4\framework\system\Database\BaseConnection.php(382): CodeIgniter\Database\MySQLi\Connection->connect(false)
#1 C:\xampp\htdocs\TA-CYBER\Server\vendor\codeigniter4\framework\system\Database\BaseConnection.php(561): CodeIgniter\Database\BaseConnection->initialize()
#2 C:\xampp\htdocs\TA-CYBER\Server\vendor\codeigniter4\framework\system\Database\BaseBuilder.php(1585): CodeIgniter\Database\BaseConnection->query('SELECT *\nFROM `...', Array, false)
#3 C:\xampp\htdocs\TA-CYBER\Server\vendor\codeigniter4\framework\system\Model.php(223): CodeIgniter\Database\BaseBuilder->get()
#4 C:\xampp\htdocs\TA-CYBER\Server\vendor\codeigniter4\framework\system\BaseModel.php(585): CodeIgniter\Model->doFindAll(0, 0)
#5 C:\xampp\htdocs\TA-CYBER\Server\app\Models\ModelMovie.php(15): CodeIgniter\BaseModel->findAll()
#6 C:\xampp\htdocs\TA-CYBER\Server\app\Controllers\Movies.php(22): App\Models\ModelMovie->getMovie()
#7 C:\xampp\htdocs\TA-CYBER\Server\vendor\codeigniter4\framework\system\CodeIgniter.php(927): App\Controllers\Movies->index()
#8 C:\xampp\htdocs\TA-CYBER\Server\vendor\codeigniter4\framework\system\CodeIgniter.php(482): CodeIgniter\CodeIgniter->runController(Object(App\Controllers\Movies))
#9 C:\xampp\htdocs\TA-CYBER\Server\vendor\codeigniter4\framework\system\CodeIgniter.php(351): CodeIgniter\CodeIgniter->handleRequest(NULL, Object(Config\Cache), false)
#10 C:\xampp\htdocs\TA-CYBER\Server\public\index.php(67): CodeIgniter\CodeIgniter->run()
#11 C:\xampp\htdocs\TA-CYBER\Server\vendor\codeigniter4\framework\system\Commands\Server\rewrite.php(46): require_once('C:\\xampp\\htdocs...')
#12 {main}
CRITICAL - 2022-12-14 20:10:22 --> Unable to connect to the database.
Main connection [MySQLi]: No connection could be made because the target machine actively refused it
in SYSTEMPATH\Database\BaseConnection.php on line 418.
 1 SYSTEMPATH\Database\BaseConnection.php(561): CodeIgniter\Database\BaseConnection->initialize()
 2 SYSTEMPATH\Database\BaseBuilder.php(1585): CodeIgniter\Database\BaseConnection->query('SELECT *
FROM `tbl_movie`', [], false)
 3 SYSTEMPATH\Model.php(223): CodeIgniter\Database\BaseBuilder->get()
 4 SYSTEMPATH\BaseModel.php(585): CodeIgniter\Model->doFindAll(0, 0)
 5 APPPATH\Models\ModelMovie.php(15): CodeIgniter\BaseModel->findAll()
 6 APPPATH\Controllers\Movies.php(22): App\Models\ModelMovie->getMovie()
 7 SYSTEMPATH\CodeIgniter.php(927): App\Controllers\Movies->index()
 8 SYSTEMPATH\CodeIgniter.php(482): CodeIgniter\CodeIgniter->runController(Object(App\Controllers\Movies))
 9 SYSTEMPATH\CodeIgniter.php(351): CodeIgniter\CodeIgniter->handleRequest(null, Object(Config\Cache), false)
10 FCPATH\index.php(67): CodeIgniter\CodeIgniter->run()
11 SYSTEMPATH\Commands\Server\rewrite.php(46): require_once('FCPATH\\index.php')
ERROR - 2022-12-14 20:12:13 --> Error connecting to the database: mysqli_sql_exception: No connection could be made because the target machine actively refused it in C:\xampp\htdocs\TA-CYBER\movie-cyber\vendor\codeigniter4\framework\system\Database\MySQLi\Connection.php:171
Stack trace:
#0 C:\xampp\htdocs\TA-CYBER\movie-cyber\vendor\codeigniter4\framework\system\Database\MySQLi\Connection.php(171): mysqli->real_connect('localhost', 'root', '', 'db_cyber_movie', 3306, '', 0)
#1 C:\xampp\htdocs\TA-CYBER\movie-cyber\vendor\codeigniter4\framework\system\Database\BaseConnection.php(382): CodeIgniter\Database\MySQLi\Connection->connect(false)
#2 C:\xampp\htdocs\TA-CYBER\movie-cyber\vendor\codeigniter4\framework\system\Database\BaseConnection.php(561): CodeIgniter\Database\BaseConnection->initialize()
#3 C:\xampp\htdocs\TA-CYBER\movie-cyber\vendor\codeigniter4\framework\system\Database\BaseBuilder.php(1585): CodeIgniter\Database\BaseConnection->query('SELECT *\nFROM `...', Array, false)
#4 C:\xampp\htdocs\TA-CYBER\movie-cyber\vendor\codeigniter4\framework\system\Model.php(223): CodeIgniter\Database\BaseBuilder->get()
#5 C:\xampp\htdocs\TA-CYBER\movie-cyber\vendor\codeigniter4\framework\system\BaseModel.php(585): CodeIgniter\Model->doFindAll(0, 0)
#6 C:\xampp\htdocs\TA-CYBER\movie-cyber\app\Models\ModelMovie.php(15): CodeIgniter\BaseModel->findAll()
#7 C:\xampp\htdocs\TA-CYBER\movie-cyber\app\Controllers\Movies.php(22): App\Models\ModelMovie->getMovie()
#8 C:\xampp\htdocs\TA-CYBER\movie-cyber\vendor\codeigniter4\framework\system\CodeIgniter.php(927): App\Controllers\Movies->index()
#9 C:\xampp\htdocs\TA-CYBER\movie-cyber\vendor\codeigniter4\framework\system\CodeIgniter.php(482): CodeIgniter\CodeIgniter->runController(Object(App\Controllers\Movies))
#10 C:\xampp\htdocs\TA-CYBER\movie-cyber\vendor\codeigniter4\framework\system\CodeIgniter.php(351): CodeIgniter\CodeIgniter->handleRequest(NULL, Object(Config\Cache), false)
#11 C:\xampp\htdocs\TA-CYBER\movie-cyber\public\index.php(67): CodeIgniter\CodeIgniter->run()
#12 C:\xampp\htdocs\TA-CYBER\movie-cyber\vendor\codeigniter4\framework\system\Commands\Server\rewrite.php(46): require_once('C:\\xampp\\htdocs...')
#13 {main}

Next CodeIgniter\Database\Exceptions\DatabaseException: No connection could be made because the target machine actively refused it in C:\xampp\htdocs\TA-CYBER\movie-cyber\vendor\codeigniter4\framework\system\Database\MySQLi\Connection.php:215
Stack trace:
#0 C:\xampp\htdocs\TA-CYBER\movie-cyber\vendor\codeigniter4\framework\system\Database\BaseConnection.php(382): CodeIgniter\Database\MySQLi\Connection->connect(false)
#1 C:\xampp\htdocs\TA-CYBER\movie-cyber\vendor\codeigniter4\framework\system\Database\BaseConnection.php(561): CodeIgniter\Database\BaseConnection->initialize()
#2 C:\xampp\htdocs\TA-CYBER\movie-cyber\vendor\codeigniter4\framework\system\Database\BaseBuilder.php(1585): CodeIgniter\Database\BaseConnection->query('SELECT *\nFROM `...', Array, false)
#3 C:\xampp\htdocs\TA-CYBER\movie-cyber\vendor\codeigniter4\framework\system\Model.php(223): CodeIgniter\Database\BaseBuilder->get()
#4 C:\xampp\htdocs\TA-CYBER\movie-cyber\vendor\codeigniter4\framework\system\BaseModel.php(585): CodeIgniter\Model->doFindAll(0, 0)
#5 C:\xampp\htdocs\TA-CYBER\movie-cyber\app\Models\ModelMovie.php(15): CodeIgniter\BaseModel->findAll()
#6 C:\xampp\htdocs\TA-CYBER\movie-cyber\app\Controllers\Movies.php(22): App\Models\ModelMovie->getMovie()
#7 C:\xampp\htdocs\TA-CYBER\movie-cyber\vendor\codeigniter4\framework\system\CodeIgniter.php(927): App\Controllers\Movies->index()
#8 C:\xampp\htdocs\TA-CYBER\movie-cyber\vendor\codeigniter4\framework\system\CodeIgniter.php(482): CodeIgniter\CodeIgniter->runController(Object(App\Controllers\Movies))
#9 C:\xampp\htdocs\TA-CYBER\movie-cyber\vendor\codeigniter4\framework\system\CodeIgniter.php(351): CodeIgniter\CodeIgniter->handleRequest(NULL, Object(Config\Cache), false)
#10 C:\xampp\htdocs\TA-CYBER\movie-cyber\public\index.php(67): CodeIgniter\CodeIgniter->run()
#11 C:\xampp\htdocs\TA-CYBER\movie-cyber\vendor\codeigniter4\framework\system\Commands\Server\rewrite.php(46): require_once('C:\\xampp\\htdocs...')
#12 {main}
CRITICAL - 2022-12-14 20:12:13 --> Unable to connect to the database.
Main connection [MySQLi]: No connection could be made because the target machine actively refused it
in SYSTEMPATH\Database\BaseConnection.php on line 418.
 1 SYSTEMPATH\Database\BaseConnection.php(561): CodeIgniter\Database\BaseConnection->initialize()
 2 SYSTEMPATH\Database\BaseBuilder.php(1585): CodeIgniter\Database\BaseConnection->query('SELECT *
FROM `tbl_movie`', [], false)
 3 SYSTEMPATH\Model.php(223): CodeIgniter\Database\BaseBuilder->get()
 4 SYSTEMPATH\BaseModel.php(585): CodeIgniter\Model->doFindAll(0, 0)
 5 APPPATH\Models\ModelMovie.php(15): CodeIgniter\BaseModel->findAll()
 6 APPPATH\Controllers\Movies.php(22): App\Models\ModelMovie->getMovie()
 7 SYSTEMPATH\CodeIgniter.php(927): App\Controllers\Movies->index()
 8 SYSTEMPATH\CodeIgniter.php(482): CodeIgniter\CodeIgniter->runController(Object(App\Controllers\Movies))
 9 SYSTEMPATH\CodeIgniter.php(351): CodeIgniter\CodeIgniter->handleRequest(null, Object(Config\Cache), false)
10 FCPATH\index.php(67): CodeIgniter\CodeIgniter->run()
11 SYSTEMPATH\Commands\Server\rewrite.php(46): require_once('FCPATH\\index.php')
ERROR - 2022-12-14 20:12:28 --> Error connecting to the database: mysqli_sql_exception: No connection could be made because the target machine actively refused it in C:\xampp\htdocs\TA-CYBER\movie-cyber\vendor\codeigniter4\framework\system\Database\MySQLi\Connection.php:171
Stack trace:
#0 C:\xampp\htdocs\TA-CYBER\movie-cyber\vendor\codeigniter4\framework\system\Database\MySQLi\Connection.php(171): mysqli->real_connect('localhost', 'root', '', 'db_cyber_movie', 3306, '', 0)
#1 C:\xampp\htdocs\TA-CYBER\movie-cyber\vendor\codeigniter4\framework\system\Database\BaseConnection.php(382): CodeIgniter\Database\MySQLi\Connection->connect(false)
#2 C:\xampp\htdocs\TA-CYBER\movie-cyber\vendor\codeigniter4\framework\system\Database\BaseConnection.php(561): CodeIgniter\Database\BaseConnection->initialize()
#3 C:\xampp\htdocs\TA-CYBER\movie-cyber\vendor\codeigniter4\framework\system\Database\BaseBuilder.php(1585): CodeIgniter\Database\BaseConnection->query('SELECT *\nFROM `...', Array, false)
#4 C:\xampp\htdocs\TA-CYBER\movie-cyber\vendor\codeigniter4\framework\system\Model.php(223): CodeIgniter\Database\BaseBuilder->get()
#5 C:\xampp\htdocs\TA-CYBER\movie-cyber\vendor\codeigniter4\framework\system\BaseModel.php(585): CodeIgniter\Model->doFindAll(0, 0)
#6 C:\xampp\htdocs\TA-CYBER\movie-cyber\app\Models\ModelMovie.php(15): CodeIgniter\BaseModel->findAll()
#7 C:\xampp\htdocs\TA-CYBER\movie-cyber\app\Controllers\Movies.php(22): App\Models\ModelMovie->getMovie()
#8 C:\xampp\htdocs\TA-CYBER\movie-cyber\vendor\codeigniter4\framework\system\CodeIgniter.php(927): App\Controllers\Movies->index()
#9 C:\xampp\htdocs\TA-CYBER\movie-cyber\vendor\codeigniter4\framework\system\CodeIgniter.php(482): CodeIgniter\CodeIgniter->runController(Object(App\Controllers\Movies))
#10 C:\xampp\htdocs\TA-CYBER\movie-cyber\vendor\codeigniter4\framework\system\CodeIgniter.php(351): CodeIgniter\CodeIgniter->handleRequest(NULL, Object(Config\Cache), false)
#11 C:\xampp\htdocs\TA-CYBER\movie-cyber\public\index.php(67): CodeIgniter\CodeIgniter->run()
#12 C:\xampp\htdocs\TA-CYBER\movie-cyber\vendor\codeigniter4\framework\system\Commands\Server\rewrite.php(46): require_once('C:\\xampp\\htdocs...')
#13 {main}

Next CodeIgniter\Database\Exceptions\DatabaseException: No connection could be made because the target machine actively refused it in C:\xampp\htdocs\TA-CYBER\movie-cyber\vendor\codeigniter4\framework\system\Database\MySQLi\Connection.php:215
Stack trace:
#0 C:\xampp\htdocs\TA-CYBER\movie-cyber\vendor\codeigniter4\framework\system\Database\BaseConnection.php(382): CodeIgniter\Database\MySQLi\Connection->connect(false)
#1 C:\xampp\htdocs\TA-CYBER\movie-cyber\vendor\codeigniter4\framework\system\Database\BaseConnection.php(561): CodeIgniter\Database\BaseConnection->initialize()
#2 C:\xampp\htdocs\TA-CYBER\movie-cyber\vendor\codeigniter4\framework\system\Database\BaseBuilder.php(1585): CodeIgniter\Database\BaseConnection->query('SELECT *\nFROM `...', Array, false)
#3 C:\xampp\htdocs\TA-CYBER\movie-cyber\vendor\codeigniter4\framework\system\Model.php(223): CodeIgniter\Database\BaseBuilder->get()
#4 C:\xampp\htdocs\TA-CYBER\movie-cyber\vendor\codeigniter4\framework\system\BaseModel.php(585): CodeIgniter\Model->doFindAll(0, 0)
#5 C:\xampp\htdocs\TA-CYBER\movie-cyber\app\Models\ModelMovie.php(15): CodeIgniter\BaseModel->findAll()
#6 C:\xampp\htdocs\TA-CYBER\movie-cyber\app\Controllers\Movies.php(22): App\Models\ModelMovie->getMovie()
#7 C:\xampp\htdocs\TA-CYBER\movie-cyber\vendor\codeigniter4\framework\system\CodeIgniter.php(927): App\Controllers\Movies->index()
#8 C:\xampp\htdocs\TA-CYBER\movie-cyber\vendor\codeigniter4\framework\system\CodeIgniter.php(482): CodeIgniter\CodeIgniter->runController(Object(App\Controllers\Movies))
#9 C:\xampp\htdocs\TA-CYBER\movie-cyber\vendor\codeigniter4\framework\system\CodeIgniter.php(351): CodeIgniter\CodeIgniter->handleRequest(NULL, Object(Config\Cache), false)
#10 C:\xampp\htdocs\TA-CYBER\movie-cyber\public\index.php(67): CodeIgniter\CodeIgniter->run()
#11 C:\xampp\htdocs\TA-CYBER\movie-cyber\vendor\codeigniter4\framework\system\Commands\Server\rewrite.php(46): require_once('C:\\xampp\\htdocs...')
#12 {main}
CRITICAL - 2022-12-14 20:12:28 --> Unable to connect to the database.
Main connection [MySQLi]: No connection could be made because the target machine actively refused it
in SYSTEMPATH\Database\BaseConnection.php on line 418.
 1 SYSTEMPATH\Database\BaseConnection.php(561): CodeIgniter\Database\BaseConnection->initialize()
 2 SYSTEMPATH\Database\BaseBuilder.php(1585): CodeIgniter\Database\BaseConnection->query('SELECT *
FROM `tbl_movie`', [], false)
 3 SYSTEMPATH\Model.php(223): CodeIgniter\Database\BaseBuilder->get()
 4 SYSTEMPATH\BaseModel.php(585): CodeIgniter\Model->doFindAll(0, 0)
 5 APPPATH\Models\ModelMovie.php(15): CodeIgniter\BaseModel->findAll()
 6 APPPATH\Controllers\Movies.php(22): App\Models\ModelMovie->getMovie()
 7 SYSTEMPATH\CodeIgniter.php(927): App\Controllers\Movies->index()
 8 SYSTEMPATH\CodeIgniter.php(482): CodeIgniter\CodeIgniter->runController(Object(App\Controllers\Movies))
 9 SYSTEMPATH\CodeIgniter.php(351): CodeIgniter\CodeIgniter->handleRequest(null, Object(Config\Cache), false)
10 FCPATH\index.php(67): CodeIgniter\CodeIgniter->run()
11 SYSTEMPATH\Commands\Server\rewrite.php(46): require_once('FCPATH\\index.php')
ERROR - 2022-12-14 20:13:48 --> Error connecting to the database: mysqli_sql_exception: No connection could be made because the target machine actively refused it in C:\xampp\htdocs\TA-CYBER\movie-cyber\vendor\codeigniter4\framework\system\Database\MySQLi\Connection.php:171
Stack trace:
#0 C:\xampp\htdocs\TA-CYBER\movie-cyber\vendor\codeigniter4\framework\system\Database\MySQLi\Connection.php(171): mysqli->real_connect('localhost', 'root', '', 'db_cyber_movie', 3306, '', 0)
#1 C:\xampp\htdocs\TA-CYBER\movie-cyber\vendor\codeigniter4\framework\system\Database\BaseConnection.php(382): CodeIgniter\Database\MySQLi\Connection->connect(false)
#2 C:\xampp\htdocs\TA-CYBER\movie-cyber\vendor\codeigniter4\framework\system\Database\BaseConnection.php(561): CodeIgniter\Database\BaseConnection->initialize()
#3 C:\xampp\htdocs\TA-CYBER\movie-cyber\vendor\codeigniter4\framework\system\Database\BaseBuilder.php(1585): CodeIgniter\Database\BaseConnection->query('SELECT *\nFROM `...', Array, false)
#4 C:\xampp\htdocs\TA-CYBER\movie-cyber\vendor\codeigniter4\framework\system\Model.php(223): CodeIgniter\Database\BaseBuilder->get()
#5 C:\xampp\htdocs\TA-CYBER\movie-cyber\vendor\codeigniter4\framework\system\BaseModel.php(585): CodeIgniter\Model->doFindAll(0, 0)
#6 C:\xampp\htdocs\TA-CYBER\movie-cyber\app\Models\ModelMovie.php(15): CodeIgniter\BaseModel->findAll()
#7 C:\xampp\htdocs\TA-CYBER\movie-cyber\app\Controllers\Movies.php(22): App\Models\ModelMovie->getMovie()
#8 C:\xampp\htdocs\TA-CYBER\movie-cyber\vendor\codeigniter4\framework\system\CodeIgniter.php(927): App\Controllers\Movies->index()
#9 C:\xampp\htdocs\TA-CYBER\movie-cyber\vendor\codeigniter4\framework\system\CodeIgniter.php(482): CodeIgniter\CodeIgniter->runController(Object(App\Controllers\Movies))
#10 C:\xampp\htdocs\TA-CYBER\movie-cyber\vendor\codeigniter4\framework\system\CodeIgniter.php(351): CodeIgniter\CodeIgniter->handleRequest(NULL, Object(Config\Cache), false)
#11 C:\xampp\htdocs\TA-CYBER\movie-cyber\public\index.php(67): CodeIgniter\CodeIgniter->run()
#12 C:\xampp\htdocs\TA-CYBER\movie-cyber\vendor\codeigniter4\framework\system\Commands\Server\rewrite.php(46): require_once('C:\\xampp\\htdocs...')
#13 {main}

Next CodeIgniter\Database\Exceptions\DatabaseException: No connection could be made because the target machine actively refused it in C:\xampp\htdocs\TA-CYBER\movie-cyber\vendor\codeigniter4\framework\system\Database\MySQLi\Connection.php:215
Stack trace:
#0 C:\xampp\htdocs\TA-CYBER\movie-cyber\vendor\codeigniter4\framework\system\Database\BaseConnection.php(382): CodeIgniter\Database\MySQLi\Connection->connect(false)
#1 C:\xampp\htdocs\TA-CYBER\movie-cyber\vendor\codeigniter4\framework\system\Database\BaseConnection.php(561): CodeIgniter\Database\BaseConnection->initialize()
#2 C:\xampp\htdocs\TA-CYBER\movie-cyber\vendor\codeigniter4\framework\system\Database\BaseBuilder.php(1585): CodeIgniter\Database\BaseConnection->query('SELECT *\nFROM `...', Array, false)
#3 C:\xampp\htdocs\TA-CYBER\movie-cyber\vendor\codeigniter4\framework\system\Model.php(223): CodeIgniter\Database\BaseBuilder->get()
#4 C:\xampp\htdocs\TA-CYBER\movie-cyber\vendor\codeigniter4\framework\system\BaseModel.php(585): CodeIgniter\Model->doFindAll(0, 0)
#5 C:\xampp\htdocs\TA-CYBER\movie-cyber\app\Models\ModelMovie.php(15): CodeIgniter\BaseModel->findAll()
#6 C:\xampp\htdocs\TA-CYBER\movie-cyber\app\Controllers\Movies.php(22): App\Models\ModelMovie->getMovie()
#7 C:\xampp\htdocs\TA-CYBER\movie-cyber\vendor\codeigniter4\framework\system\CodeIgniter.php(927): App\Controllers\Movies->index()
#8 C:\xampp\htdocs\TA-CYBER\movie-cyber\vendor\codeigniter4\framework\system\CodeIgniter.php(482): CodeIgniter\CodeIgniter->runController(Object(App\Controllers\Movies))
#9 C:\xampp\htdocs\TA-CYBER\movie-cyber\vendor\codeigniter4\framework\system\CodeIgniter.php(351): CodeIgniter\CodeIgniter->handleRequest(NULL, Object(Config\Cache), false)
#10 C:\xampp\htdocs\TA-CYBER\movie-cyber\public\index.php(67): CodeIgniter\CodeIgniter->run()
#11 C:\xampp\htdocs\TA-CYBER\movie-cyber\vendor\codeigniter4\framework\system\Commands\Server\rewrite.php(46): require_once('C:\\xampp\\htdocs...')
#12 {main}
CRITICAL - 2022-12-14 20:13:48 --> Unable to connect to the database.
Main connection [MySQLi]: No connection could be made because the target machine actively refused it
in SYSTEMPATH\Database\BaseConnection.php on line 418.
 1 SYSTEMPATH\Database\BaseConnection.php(561): CodeIgniter\Database\BaseConnection->initialize()
 2 SYSTEMPATH\Database\BaseBuilder.php(1585): CodeIgniter\Database\BaseConnection->query('SELECT *
FROM `tbl_movie`', [], false)
 3 SYSTEMPATH\Model.php(223): CodeIgniter\Database\BaseBuilder->get()
 4 SYSTEMPATH\BaseModel.php(585): CodeIgniter\Model->doFindAll(0, 0)
 5 APPPATH\Models\ModelMovie.php(15): CodeIgniter\BaseModel->findAll()
 6 APPPATH\Controllers\Movies.php(22): App\Models\ModelMovie->getMovie()
 7 SYSTEMPATH\CodeIgniter.php(927): App\Controllers\Movies->index()
 8 SYSTEMPATH\CodeIgniter.php(482): CodeIgniter\CodeIgniter->runController(Object(App\Controllers\Movies))
 9 SYSTEMPATH\CodeIgniter.php(351): CodeIgniter\CodeIgniter->handleRequest(null, Object(Config\Cache), false)
10 FCPATH\index.php(67): CodeIgniter\CodeIgniter->run()
11 SYSTEMPATH\Commands\Server\rewrite.php(46): require_once('FCPATH\\index.php')
